Using pre-set license
Built from '2020.3/staging' branch; Version is '2020.3.11f1 (99c7afb366b3) revision 10078127'; Using compiler version '192528614'; Build Type 'Release'
OS: 'Windows 10 Pro; OS build 19042.1110; Version 2009; 64bit' Language: 'tr' Physical Memory: 16145 MB
BatchMode: 1, IsHumanControllingUs: 0, StartBugReporterOnCrash: 0, Is64bit: 1, IsPro: 0

 COMMAND LINE ARGUMENTS:
C:\Program Files\Unity\Hub\Editor\2020.3.11f1\Editor\Unity.exe
-adb2
-batchMode
-noUpm
-name
AssetImportWorker1
-projectPath
C:/Users/İrem Sevim/Documents/GitHub/Longhorn-FireBall-3D
-logFile
Logs/AssetImportWorker1.log
-srvPort
59030
Successfully changed project path to: C:/Users/İrem Sevim/Documents/GitHub/Longhorn-FireBall-3D
C:/Users/İrem Sevim/Documents/GitHub/Longhorn-FireBall-3D
Using Asset Import Pipeline V2.
Refreshing native plugins compatible for Editor in 33.76 ms, found 2 plugins.
Preloading 0 native plugins for Editor in 0.00 ms.
Initialize engine version: 2020.3.11f1 (99c7afb366b3)
[Subsystems] Discovering subsystems at path C:/Program Files/Unity/Hub/Editor/2020.3.11f1/Editor/Data/Resources/UnitySubsystems
[Subsystems] Discovering subsystems at path C:/Users/İrem Sevim/Documents/GitHub/Longhorn-FireBall-3D/Assets
GfxDevice: creating device client; threaded=0
Direct3D:
    Version:  Direct3D 11.0 [level 11.1]
    Renderer: NVIDIA GeForce RTX 2060 (ID=0x1f15)
    Vendor:   
    VRAM:     5980 MB
    Driver:   27.21.14.6231
Initialize mono
Mono path[0] = 'C:/Program Files/Unity/Hub/Editor/2020.3.11f1/Editor/Data/Managed'
Mono path[1] = 'C:/Program Files/Unity/Hub/Editor/2020.3.11f1/Editor/Data/MonoBleedingEdge/lib/mono/unityjit'
Mono config path = 'C:/Program Files/Unity/Hub/Editor/2020.3.11f1/Editor/Data/MonoBleedingEdge/etc'
Using monoOptions --debugger-agent=transport=dt_socket,embedding=1,server=y,suspend=n,address=127.0.0.1:56384
Begin MonoManager ReloadAssembly
Registering precompiled unity dll's ...
Register platform support module: C:/Program Files/Unity/Hub/Editor/2020.3.11f1/Editor/Data/PlaybackEngines/WindowsStandaloneSupport/UnityEditor.WindowsStandalone.Extensions.dll
Registered in 0.001658 seconds.
Native extension for WindowsStandalone target not found
Refreshing native plugins compatible for Editor in 24.06 ms, found 2 plugins.
Preloading 0 native plugins for Editor in 0.00 ms.
Mono: successfully reloaded assembly
- Completed reload, in  2.266 seconds
Platform modules already initialized, skipping
Registering precompiled user dll's ...
Registered in 0.105872 seconds.
Begin MonoManager ReloadAssembly
Native extension for WindowsStandalone target not found
Refreshing native plugins compatible for Editor in 0.28 ms, found 2 plugins.
Preloading 0 native plugins for Editor in 0.00 ms.
Mono: successfully reloaded assembly
- Completed reload, in  0.875 seconds
Platform modules already initialized, skipping
========================================================================
Worker process is ready to serve import requests
Launched and connected shader compiler UnityShaderCompiler.exe after 0.06 seconds
Refreshing native plugins compatible for Editor in 0.28 ms, found 2 plugins.
Preloading 0 native plugins for Editor in 0.00 ms.
Unloading 1414 Unused Serialized files (Serialized files now loaded: 0)
System memory in use before: 66.3 MB.
System memory in use after: 66.3 MB.

Unloading 21 unused Assets to reduce memory usage. Loaded Objects now: 1853.
Total: 1.539300 ms (FindLiveObjects: 0.130400 ms CreateObjectMapping: 0.042300 ms MarkObjects: 1.303500 ms  DeleteObjects: 0.062200 ms)

========================================================================
Received Import Request.
  path: Assets/Levels/Level1.prefab
  artifactKey: Guid(1ad58539f0771c949b2df65d86b19456) Importer(815301076,1909f56bfc062723c751e8b465ee728b)
Start importing Assets/Levels/Level1.prefab using Guid(1ad58539f0771c949b2df65d86b19456) Importer(815301076,1909f56bfc062723c751e8b465ee728b)  -> (artifact id: '35320050c250cc0dc2d7a4bd02b0400b') in 0.113429 seconds
  Import took 0.116218 seconds .

========================================================================
Received Import Request.
  Time since last request: 212.016255 seconds.
  path: Assets/Materials/MainCircles/New Material.mat
  artifactKey: Guid(fd93ea2c5b8aa42489d0679f91ae1399) Importer(815301076,1909f56bfc062723c751e8b465ee728b)
Start importing Assets/Materials/MainCircles/New Material.mat using Guid(fd93ea2c5b8aa42489d0679f91ae1399) Importer(815301076,1909f56bfc062723c751e8b465ee728b)  -> (artifact id: '725b9a698de9b5b0808ed1d57a51d7ba') in 0.026619 seconds
  Import took 0.029028 seconds .

========================================================================
Received Import Request.
  Time since last request: 149.735153 seconds.
  path: Assets/Materials/MainCircles/New Material 1.mat
  artifactKey: Guid(7b9f3a703a1b9a14e861e1b35b52d9fa) Importer(815301076,1909f56bfc062723c751e8b465ee728b)
Start importing Assets/Materials/MainCircles/New Material 1.mat using Guid(7b9f3a703a1b9a14e861e1b35b52d9fa) Importer(815301076,1909f56bfc062723c751e8b465ee728b)  -> (artifact id: '763023cf619d434513def02ae3f76446') in 0.016376 seconds
  Import took 0.018808 seconds .

========================================================================
Received Import Request.
  Time since last request: 235.940353 seconds.
  path: Assets/Levels/Level1 1.prefab
  artifactKey: Guid(ad337abc2d7510a4b9fdea09eb8b037a) Importer(815301076,1909f56bfc062723c751e8b465ee728b)
Start importing Assets/Levels/Level1 1.prefab using Guid(ad337abc2d7510a4b9fdea09eb8b037a) Importer(815301076,1909f56bfc062723c751e8b465ee728b)  -> (artifact id: '7ff3711c507a9c879ce0c6bf6e127a6d') in 0.021933 seconds
  Import took 0.025475 seconds .

========================================================================
Received Import Request.
  Time since last request: 15.503901 seconds.
  path: Assets/Levels/Level2.asset
  artifactKey: Guid(91fc82b9112c44a4498e6f874ae89af7) Importer(815301076,1909f56bfc062723c751e8b465ee728b)
Start importing Assets/Levels/Level2.asset using Guid(91fc82b9112c44a4498e6f874ae89af7) Importer(815301076,1909f56bfc062723c751e8b465ee728b)  -> (artifact id: 'e97de455a4e404c6d43fe53245010422') in 0.008630 seconds
  Import took 0.010955 seconds .

========================================================================
Received Import Request.
  Time since last request: 64.208451 seconds.
  path: Assets/Levels/Level2.prefab
  artifactKey: Guid(ad337abc2d7510a4b9fdea09eb8b037a) Importer(815301076,1909f56bfc062723c751e8b465ee728b)
Start importing Assets/Levels/Level2.prefab using Guid(ad337abc2d7510a4b9fdea09eb8b037a) Importer(815301076,1909f56bfc062723c751e8b465ee728b)  -> (artifact id: '7d7369b1a415dcaac0fdc1fcae87185f') in 0.023684 seconds
  Import took 0.028084 seconds .

========================================================================
Received Prepare
Registering precompiled user dll's ...
Registered in 0.003381 seconds.
Begin MonoManager ReloadAssembly
Native extension for WindowsStandalone target not found
Refreshing native plugins compatible for Editor in 0.42 ms, found 2 plugins.
Preloading 0 native plugins for Editor in 0.00 ms.
Mono: successfully reloaded assembly
- Completed reload, in  0.768 seconds
Platform modules already initialized, skipping
Switching build target platform(19) subTarget(0) extendedPlatform(0) -> platform(13) subTarget(537395200) extendedPlatform(0)
Refreshing native plugins compatible for Editor in 0.29 ms, found 2 plugins.
Preloading 0 native plugins for Editor in 0.00 ms.
Unloading 1411 Unused Serialized files (Serialized files now loaded: 0)
System memory in use before: 69.5 MB.
System memory in use after: 69.5 MB.

Unloading 17 unused Assets to reduce memory usage. Loaded Objects now: 1898.
Total: 1.607300 ms (FindLiveObjects: 0.161900 ms CreateObjectMapping: 0.045200 ms MarkObjects: 1.317600 ms  DeleteObjects: 0.081900 ms)

AssetImportParameters requested are different than current active one (requested -> active):
  custom:graphics/normal-map-encoding: 01000000000000000000000000000000 -> 02000000000000000000000000000000
========================================================================
Received Import Request.
  Time since last request: 158.090072 seconds.
  path: Assets/Levels/Level2.prefab
  artifactKey: Guid(ad337abc2d7510a4b9fdea09eb8b037a) Importer(815301076,1909f56bfc062723c751e8b465ee728b)
Start importing Assets/Levels/Level2.prefab using Guid(ad337abc2d7510a4b9fdea09eb8b037a) Importer(815301076,1909f56bfc062723c751e8b465ee728b)  -> (artifact id: '29b490c5e3be885459277bc730e3c116') in 0.053570 seconds
  Import took 0.056181 seconds .

========================================================================
Received Prepare
Registering precompiled user dll's ...
Registered in 0.003298 seconds.
Begin MonoManager ReloadAssembly
Native extension for WindowsStandalone target not found
Refreshing native plugins compatible for Editor in 0.34 ms, found 2 plugins.
Preloading 0 native plugins for Editor in 0.00 ms.
Mono: successfully reloaded assembly
- Completed reload, in  0.763 seconds
Platform modules already initialized, skipping
Switching build target platform(19) subTarget(0) extendedPlatform(0) -> platform(13) subTarget(537395200) extendedPlatform(0)
Refreshing native plugins compatible for Editor in 0.29 ms, found 2 plugins.
Preloading 0 native plugins for Editor in 0.00 ms.
Unloading 1411 Unused Serialized files (Serialized files now loaded: 0)
System memory in use before: 69.5 MB.
System memory in use after: 69.6 MB.

Unloading 17 unused Assets to reduce memory usage. Loaded Objects now: 1902.
Total: 1.549200 ms (FindLiveObjects: 0.134300 ms CreateObjectMapping: 0.041300 ms MarkObjects: 1.309900 ms  DeleteObjects: 0.063000 ms)

AssetImportParameters requested are different than current active one (requested -> active):
  custom:graphics/normal-map-encoding: 01000000000000000000000000000000 -> 02000000000000000000000000000000
========================================================================
Received Import Request.
  Time since last request: 71.500755 seconds.
  path: Assets/Levels/Level2.prefab
  artifactKey: Guid(ad337abc2d7510a4b9fdea09eb8b037a) Importer(815301076,1909f56bfc062723c751e8b465ee728b)
Start importing Assets/Levels/Level2.prefab using Guid(ad337abc2d7510a4b9fdea09eb8b037a) Importer(815301076,1909f56bfc062723c751e8b465ee728b)  -> (artifact id: 'd87bf9ab8c780a40e0abe9a00d2797cb') in 0.056096 seconds
  Import took 0.058660 seconds .

========================================================================
Received Import Request.
  Time since last request: 20.213579 seconds.
  path: Assets/Materials/RotaterCircles/Holders.mat
  artifactKey: Guid(98599873e017ac344b195a2db232749f) Importer(815301076,1909f56bfc062723c751e8b465ee728b)
Start importing Assets/Materials/RotaterCircles/Holders.mat using Guid(98599873e017ac344b195a2db232749f) Importer(815301076,1909f56bfc062723c751e8b465ee728b)  -> (artifact id: 'a5139c5ba045dd638d9d138dbfa2b0b3') in 0.028789 seconds
  Import took 0.031070 seconds .

========================================================================
Received Import Request.
  Time since last request: 0.001050 seconds.
  path: Assets/Materials/RotaterCircles/Holders.mat
  artifactKey: Guid(98599873e017ac344b195a2db232749f) Importer(815301076,1909f56bfc062723c751e8b465ee728b)
Start importing Assets/Materials/RotaterCircles/Holders.mat using Guid(98599873e017ac344b195a2db232749f) Importer(815301076,1909f56bfc062723c751e8b465ee728b)  -> (artifact id: 'a5139c5ba045dd638d9d138dbfa2b0b3') in 0.008269 seconds
  Import took 0.011105 seconds .

========================================================================
Received Import Request.
  Time since last request: 7.992753 seconds.
  path: Assets/Materials/RotaterCircles/New Material.mat
  artifactKey: Guid(3c77cacad29bc2248b511c4b49db1f03) Importer(815301076,1909f56bfc062723c751e8b465ee728b)
Start importing Assets/Materials/RotaterCircles/New Material.mat using Guid(3c77cacad29bc2248b511c4b49db1f03) Importer(815301076,1909f56bfc062723c751e8b465ee728b)  -> (artifact id: '146d3b27a35efe1dff38562d4951bd71') in 0.011618 seconds
  Import took 0.013904 seconds .

========================================================================
Received Import Request.
  Time since last request: 22.395477 seconds.
  path: Assets/Levels/Level1.prefab
  artifactKey: Guid(1ad58539f0771c949b2df65d86b19456) Importer(815301076,1909f56bfc062723c751e8b465ee728b)
Start importing Assets/Levels/Level1.prefab using Guid(1ad58539f0771c949b2df65d86b19456) Importer(815301076,1909f56bfc062723c751e8b465ee728b)  -> (artifact id: 'fd0cf022dce0eb2333f84685db9e89fe') in 0.022031 seconds
  Import took 0.025369 seconds .

========================================================================
Received Import Request.
  Time since last request: 20.131339 seconds.
  path: Assets/Materials/RotaterCircles/New Material.mat
  artifactKey: Guid(3c77cacad29bc2248b511c4b49db1f03) Importer(815301076,1909f56bfc062723c751e8b465ee728b)
Start importing Assets/Materials/RotaterCircles/New Material.mat using Guid(3c77cacad29bc2248b511c4b49db1f03) Importer(815301076,1909f56bfc062723c751e8b465ee728b)  -> (artifact id: '0e5f2f19aeda3051a9ea67d210c975f4') in 0.012451 seconds
  Import took 0.014991 seconds .

========================================================================
Received Prepare
Registering precompiled user dll's ...
Registered in 0.003079 seconds.
Begin MonoManager ReloadAssembly
Native extension for WindowsStandalone target not found
Refreshing native plugins compatible for Editor in 0.30 ms, found 2 plugins.
Preloading 0 native plugins for Editor in 0.00 ms.
Mono: successfully reloaded assembly
- Completed reload, in  0.781 seconds
Platform modules already initialized, skipping
Switching build target platform(19) subTarget(0) extendedPlatform(0) -> platform(13) subTarget(537395200) extendedPlatform(0)
Refreshing native plugins compatible for Editor in 0.29 ms, found 2 plugins.
Preloading 0 native plugins for Editor in 0.00 ms.
Unloading 1411 Unused Serialized files (Serialized files now loaded: 0)
System memory in use before: 69.6 MB.
System memory in use after: 69.7 MB.

Unloading 17 unused Assets to reduce memory usage. Loaded Objects now: 1906.
Total: 1.502500 ms (FindLiveObjects: 0.137800 ms CreateObjectMapping: 0.041100 ms MarkObjects: 1.279400 ms  DeleteObjects: 0.043400 ms)

AssetImportParameters requested are different than current active one (requested -> active):
  custom:graphics/normal-map-encoding: 01000000000000000000000000000000 -> 02000000000000000000000000000000
