Using pre-set license
Built from '2020.3/staging' branch; Version is '2020.3.11f1 (99c7afb366b3) revision 10078127'; Using compiler version '192528614'; Build Type 'Release'
OS: 'Windows 10 Pro; OS build 19042.1110; Version 2009; 64bit' Language: 'tr' Physical Memory: 16145 MB
BatchMode: 1, IsHumanControllingUs: 0, StartBugReporterOnCrash: 0, Is64bit: 1, IsPro: 0

 COMMAND LINE ARGUMENTS:
C:\Program Files\Unity\Hub\Editor\2020.3.11f1\Editor\Unity.exe
-adb2
-batchMode
-noUpm
-name
AssetImportWorker0
-projectPath
C:/Users/İrem Sevim/Desktop/Case/FireBalls3D
-logFile
Logs/AssetImportWorker0.log
-srvPort
49688
Successfully changed project path to: C:/Users/İrem Sevim/Desktop/Case/FireBalls3D
C:/Users/İrem Sevim/Desktop/Case/FireBalls3D
Using Asset Import Pipeline V2.
Refreshing native plugins compatible for Editor in 29.07 ms, found 2 plugins.
Preloading 0 native plugins for Editor in 0.00 ms.
Initialize engine version: 2020.3.11f1 (99c7afb366b3)
[Subsystems] Discovering subsystems at path C:/Program Files/Unity/Hub/Editor/2020.3.11f1/Editor/Data/Resources/UnitySubsystems
[Subsystems] Discovering subsystems at path C:/Users/İrem Sevim/Desktop/Case/FireBalls3D/Assets
GfxDevice: creating device client; threaded=0
Direct3D:
    Version:  Direct3D 11.0 [level 11.1]
    Renderer: NVIDIA GeForce RTX 2060 (ID=0x1f15)
    Vendor:   
    VRAM:     5980 MB
    Driver:   27.21.14.6231
Initialize mono
Mono path[0] = 'C:/Program Files/Unity/Hub/Editor/2020.3.11f1/Editor/Data/Managed'
Mono path[1] = 'C:/Program Files/Unity/Hub/Editor/2020.3.11f1/Editor/Data/MonoBleedingEdge/lib/mono/unityjit'
Mono config path = 'C:/Program Files/Unity/Hub/Editor/2020.3.11f1/Editor/Data/MonoBleedingEdge/etc'
Using monoOptions --debugger-agent=transport=dt_socket,embedding=1,server=y,suspend=n,address=127.0.0.1:56296
Begin MonoManager ReloadAssembly
Registering precompiled unity dll's ...
Register platform support module: C:/Program Files/Unity/Hub/Editor/2020.3.11f1/Editor/Data/PlaybackEngines/WindowsStandaloneSupport/UnityEditor.WindowsStandalone.Extensions.dll
Registered in 0.001677 seconds.
Native extension for WindowsStandalone target not found
Refreshing native plugins compatible for Editor in 27.72 ms, found 2 plugins.
Preloading 0 native plugins for Editor in 0.00 ms.
Mono: successfully reloaded assembly
- Completed reload, in  1.846 seconds
Platform modules already initialized, skipping
Registering precompiled user dll's ...
Registered in 0.004135 seconds.
Begin MonoManager ReloadAssembly
Native extension for WindowsStandalone target not found
Refreshing native plugins compatible for Editor in 0.31 ms, found 2 plugins.
Preloading 0 native plugins for Editor in 0.00 ms.
Mono: successfully reloaded assembly
- Completed reload, in  0.987 seconds
Platform modules already initialized, skipping
========================================================================
Worker process is ready to serve import requests
Launched and connected shader compiler UnityShaderCompiler.exe after 0.04 seconds
Refreshing native plugins compatible for Editor in 0.31 ms, found 2 plugins.
Preloading 0 native plugins for Editor in 0.00 ms.
Unloading 1398 Unused Serialized files (Serialized files now loaded: 0)
System memory in use before: 65.9 MB.
System memory in use after: 65.9 MB.

Unloading 21 unused Assets to reduce memory usage. Loaded Objects now: 1837.
Total: 1.799600 ms (FindLiveObjects: 0.139700 ms CreateObjectMapping: 0.046800 ms MarkObjects: 1.539400 ms  DeleteObjects: 0.072300 ms)

========================================================================
Received Import Request.
  path: Assets/Scripts/BarrierRotator.cs
  artifactKey: Guid(a17c9a58dc5730542ae60ce487871173) Importer(815301076,1909f56bfc062723c751e8b465ee728b)
Start importing Assets/Scripts/BarrierRotator.cs using Guid(a17c9a58dc5730542ae60ce487871173) Importer(815301076,1909f56bfc062723c751e8b465ee728b)  -> (artifact id: 'a759a1c9d12adb22f03501e1d55bf7ce') in 0.019938 seconds
  Import took 0.022299 seconds .

========================================================================
Received Prepare
Registering precompiled user dll's ...
Registered in 0.003734 seconds.
Begin MonoManager ReloadAssembly
Native extension for WindowsStandalone target not found
Refreshing native plugins compatible for Editor in 0.33 ms, found 2 plugins.
Preloading 0 native plugins for Editor in 0.00 ms.
Mono: successfully reloaded assembly
- Completed reload, in  0.981 seconds
Platform modules already initialized, skipping
Switching build target platform(19) subTarget(0) extendedPlatform(0) -> platform(13) subTarget(537395200) extendedPlatform(0)
Refreshing native plugins compatible for Editor in 0.38 ms, found 2 plugins.
Preloading 0 native plugins for Editor in 0.00 ms.
Unloading 1394 Unused Serialized files (Serialized files now loaded: 0)
System memory in use before: 65.6 MB.
System memory in use after: 65.7 MB.

Unloading 17 unused Assets to reduce memory usage. Loaded Objects now: 1839.
Total: 2.002200 ms (FindLiveObjects: 0.170300 ms CreateObjectMapping: 0.063500 ms MarkObjects: 1.718900 ms  DeleteObjects: 0.048400 ms)

AssetImportParameters requested are different than current active one (requested -> active):
  custom:graphics/normal-map-encoding: 01000000000000000000000000000000 -> 02000000000000000000000000000000
========================================================================
Received Import Request.
  Time since last request: 13.602687 seconds.
  path: Assets/Scripts/Player.cs
  artifactKey: Guid(956fc71b55f8aed4ab3a354707e84c8f) Importer(815301076,1909f56bfc062723c751e8b465ee728b)
Start importing Assets/Scripts/Player.cs using Guid(956fc71b55f8aed4ab3a354707e84c8f) Importer(815301076,1909f56bfc062723c751e8b465ee728b)  -> (artifact id: 'c41422f035451b1c71fe6f194e7b3901') in 0.014046 seconds
  Import took 0.016266 seconds .

========================================================================
Received Prepare
Registering precompiled user dll's ...
Registered in 0.003700 seconds.
Begin MonoManager ReloadAssembly
Native extension for WindowsStandalone target not found
Refreshing native plugins compatible for Editor in 0.46 ms, found 2 plugins.
Preloading 0 native plugins for Editor in 0.00 ms.
Mono: successfully reloaded assembly
- Completed reload, in  1.082 seconds
Platform modules already initialized, skipping
Switching build target platform(19) subTarget(0) extendedPlatform(0) -> platform(13) subTarget(537395200) extendedPlatform(0)
Refreshing native plugins compatible for Editor in 0.34 ms, found 2 plugins.
Preloading 0 native plugins for Editor in 0.00 ms.
Unloading 1395 Unused Serialized files (Serialized files now loaded: 0)
System memory in use before: 65.7 MB.
System memory in use after: 65.7 MB.

Unloading 16 unused Assets to reduce memory usage. Loaded Objects now: 1843.
Total: 2.099300 ms (FindLiveObjects: 0.170900 ms CreateObjectMapping: 0.051500 ms MarkObjects: 1.826900 ms  DeleteObjects: 0.048800 ms)

AssetImportParameters requested are different than current active one (requested -> active):
  custom:graphics/normal-map-encoding: 01000000000000000000000000000000 -> 02000000000000000000000000000000
========================================================================
Received Prepare
Registering precompiled user dll's ...
Registered in 0.004584 seconds.
Begin MonoManager ReloadAssembly
Native extension for WindowsStandalone target not found
Refreshing native plugins compatible for Editor in 0.31 ms, found 2 plugins.
Preloading 0 native plugins for Editor in 0.00 ms.
Mono: successfully reloaded assembly
- Completed reload, in  0.980 seconds
Platform modules already initialized, skipping
Switching build target platform(19) subTarget(0) extendedPlatform(0) -> platform(13) subTarget(537395200) extendedPlatform(0)
Refreshing native plugins compatible for Editor in 0.37 ms, found 2 plugins.
Preloading 0 native plugins for Editor in 0.00 ms.
Unloading 1395 Unused Serialized files (Serialized files now loaded: 0)
System memory in use before: 65.7 MB.
System memory in use after: 65.8 MB.

Unloading 16 unused Assets to reduce memory usage. Loaded Objects now: 1846.
Total: 2.319600 ms (FindLiveObjects: 0.200000 ms CreateObjectMapping: 0.051700 ms MarkObjects: 2.001100 ms  DeleteObjects: 0.065600 ms)

AssetImportParameters requested are different than current active one (requested -> active):
  custom:graphics/normal-map-encoding: 01000000000000000000000000000000 -> 02000000000000000000000000000000
========================================================================
Received Import Request.
  Time since last request: 243.119315 seconds.
  path: Assets/Scripts/Player.cs
  artifactKey: Guid(956fc71b55f8aed4ab3a354707e84c8f) Importer(815301076,1909f56bfc062723c751e8b465ee728b)
Start importing Assets/Scripts/Player.cs using Guid(956fc71b55f8aed4ab3a354707e84c8f) Importer(815301076,1909f56bfc062723c751e8b465ee728b)  -> (artifact id: '9f823fee7907b0d9d677958c53885b8f') in 0.005546 seconds
  Import took 0.014751 seconds .

========================================================================
Received Import Request.
  Time since last request: 8.121792 seconds.
  path: Assets/Scripts/FireBall.cs
  artifactKey: Guid(806d7854d1485cd45869f1b22f3214f8) Importer(815301076,1909f56bfc062723c751e8b465ee728b)
Start importing Assets/Scripts/FireBall.cs using Guid(806d7854d1485cd45869f1b22f3214f8) Importer(815301076,1909f56bfc062723c751e8b465ee728b)  -> (artifact id: 'd3873430d3323fc892a991e6dd62a812') in 0.008208 seconds
  Import took 0.018272 seconds .

========================================================================
Received Prepare
Registering precompiled user dll's ...
Registered in 0.004048 seconds.
Begin MonoManager ReloadAssembly
Native extension for WindowsStandalone target not found
Refreshing native plugins compatible for Editor in 0.32 ms, found 2 plugins.
Preloading 0 native plugins for Editor in 0.00 ms.
Mono: successfully reloaded assembly
- Completed reload, in  1.066 seconds
Platform modules already initialized, skipping
Switching build target platform(19) subTarget(0) extendedPlatform(0) -> platform(13) subTarget(537395200) extendedPlatform(0)
Refreshing native plugins compatible for Editor in 0.31 ms, found 2 plugins.
Preloading 0 native plugins for Editor in 0.00 ms.
Unloading 1396 Unused Serialized files (Serialized files now loaded: 0)
System memory in use before: 65.7 MB.
System memory in use after: 65.8 MB.

Unloading 16 unused Assets to reduce memory usage. Loaded Objects now: 1850.
Total: 1.946600 ms (FindLiveObjects: 0.149700 ms CreateObjectMapping: 0.044400 ms MarkObjects: 1.706100 ms  DeleteObjects: 0.045200 ms)

AssetImportParameters requested are different than current active one (requested -> active):
  custom:graphics/normal-map-encoding: 01000000000000000000000000000000 -> 02000000000000000000000000000000
========================================================================
Received Prepare
Registering precompiled user dll's ...
Registered in 0.004253 seconds.
Begin MonoManager ReloadAssembly
Native extension for WindowsStandalone target not found
Refreshing native plugins compatible for Editor in 0.31 ms, found 2 plugins.
Preloading 0 native plugins for Editor in 0.00 ms.
Mono: successfully reloaded assembly
- Completed reload, in  0.978 seconds
Platform modules already initialized, skipping
Switching build target platform(19) subTarget(0) extendedPlatform(0) -> platform(13) subTarget(537395200) extendedPlatform(0)
Refreshing native plugins compatible for Editor in 0.35 ms, found 2 plugins.
Preloading 0 native plugins for Editor in 0.00 ms.
Unloading 1396 Unused Serialized files (Serialized files now loaded: 0)
System memory in use before: 65.7 MB.
System memory in use after: 65.8 MB.

Unloading 16 unused Assets to reduce memory usage. Loaded Objects now: 1853.
Total: 1.765400 ms (FindLiveObjects: 0.132300 ms CreateObjectMapping: 0.042500 ms MarkObjects: 1.542900 ms  DeleteObjects: 0.046900 ms)

AssetImportParameters requested are different than current active one (requested -> active):
  custom:graphics/normal-map-encoding: 01000000000000000000000000000000 -> 02000000000000000000000000000000
========================================================================
Received Import Request.
  Time since last request: 246.428512 seconds.
  path: Assets/Scripts/FireBall.cs
  artifactKey: Guid(806d7854d1485cd45869f1b22f3214f8) Importer(815301076,1909f56bfc062723c751e8b465ee728b)
Start importing Assets/Scripts/FireBall.cs using Guid(806d7854d1485cd45869f1b22f3214f8) Importer(815301076,1909f56bfc062723c751e8b465ee728b)  -> (artifact id: '53e4b792a7b328282a707627ebaf2979') in 0.003669 seconds
  Import took 0.005686 seconds .

========================================================================
Received Import Request.
  Time since last request: 66.693237 seconds.
  path: Assets/Prefabs/Ball
  artifactKey: Guid(46d1d19d44ae1b846acb4f0bd8a2d5bf) Importer(815301076,1909f56bfc062723c751e8b465ee728b)
Start importing Assets/Prefabs/Ball using Guid(46d1d19d44ae1b846acb4f0bd8a2d5bf) Importer(815301076,1909f56bfc062723c751e8b465ee728b)  -> (artifact id: 'de344708b8499eb5524d88dbd6f0b183') in 0.008369 seconds
  Import took 0.011501 seconds .

========================================================================
Received Import Request.
  Time since last request: 3.291825 seconds.
  path: Assets/Prefabs/Ball/Ball.prefab
  artifactKey: Guid(d0ff8d10667939245b18d9deeb638d6d) Importer(815301076,1909f56bfc062723c751e8b465ee728b)
Start importing Assets/Prefabs/Ball/Ball.prefab using Guid(d0ff8d10667939245b18d9deeb638d6d) Importer(815301076,1909f56bfc062723c751e8b465ee728b)  -> (artifact id: '174ca4549626599d3189ae6d0a9261c6') in 0.087792 seconds
  Import took 0.091275 seconds .

========================================================================
Received Import Request.
  Time since last request: 6.395049 seconds.
  path: Assets/Prefabs/Ball/Ball.prefab
  artifactKey: Guid(d0ff8d10667939245b18d9deeb638d6d) Importer(815301076,1909f56bfc062723c751e8b465ee728b)
Start importing Assets/Prefabs/Ball/Ball.prefab using Guid(d0ff8d10667939245b18d9deeb638d6d) Importer(815301076,1909f56bfc062723c751e8b465ee728b)  -> (artifact id: '5aed75235ff97525e7c00edd9752d27d') in 0.020032 seconds
  Import took 0.022617 seconds .

========================================================================
Received Prepare
Registering precompiled user dll's ...
Registered in 0.003675 seconds.
Begin MonoManager ReloadAssembly
Native extension for WindowsStandalone target not found
Refreshing native plugins compatible for Editor in 0.31 ms, found 2 plugins.
Preloading 0 native plugins for Editor in 0.00 ms.
Mono: successfully reloaded assembly
- Completed reload, in  0.988 seconds
Platform modules already initialized, skipping
Switching build target platform(19) subTarget(0) extendedPlatform(0) -> platform(13) subTarget(537395200) extendedPlatform(0)
Refreshing native plugins compatible for Editor in 0.34 ms, found 2 plugins.
Preloading 0 native plugins for Editor in 0.00 ms.
Unloading 1396 Unused Serialized files (Serialized files now loaded: 0)
System memory in use before: 68.9 MB.
System memory in use after: 69.0 MB.

Unloading 16 unused Assets to reduce memory usage. Loaded Objects now: 1864.
Total: 2.148900 ms (FindLiveObjects: 0.163400 ms CreateObjectMapping: 0.047800 ms MarkObjects: 1.888300 ms  DeleteObjects: 0.048500 ms)

AssetImportParameters requested are different than current active one (requested -> active):
  custom:graphics/normal-map-encoding: 01000000000000000000000000000000 -> 02000000000000000000000000000000
========================================================================
Received Prepare
Registering precompiled user dll's ...
Registered in 0.004363 seconds.
Begin MonoManager ReloadAssembly
Native extension for WindowsStandalone target not found
Refreshing native plugins compatible for Editor in 0.42 ms, found 2 plugins.
Preloading 0 native plugins for Editor in 0.00 ms.
Mono: successfully reloaded assembly
- Completed reload, in  1.284 seconds
Platform modules already initialized, skipping
Switching build target platform(19) subTarget(0) extendedPlatform(0) -> platform(13) subTarget(537395200) extendedPlatform(0)
Refreshing native plugins compatible for Editor in 0.52 ms, found 2 plugins.
Preloading 0 native plugins for Editor in 0.00 ms.
Unloading 1396 Unused Serialized files (Serialized files now loaded: 0)
System memory in use before: 68.9 MB.
System memory in use after: 69.0 MB.

Unloading 16 unused Assets to reduce memory usage. Loaded Objects now: 1867.
Total: 3.498500 ms (FindLiveObjects: 0.523700 ms CreateObjectMapping: 0.223600 ms MarkObjects: 2.647600 ms  DeleteObjects: 0.100600 ms)

AssetImportParameters requested are different than current active one (requested -> active):
  custom:graphics/normal-map-encoding: 01000000000000000000000000000000 -> 02000000000000000000000000000000
========================================================================
Received Prepare
Registering precompiled user dll's ...
Registered in 0.004294 seconds.
Begin MonoManager ReloadAssembly
Native extension for WindowsStandalone target not found
Refreshing native plugins compatible for Editor in 0.37 ms, found 2 plugins.
Preloading 0 native plugins for Editor in 0.00 ms.
Mono: successfully reloaded assembly
- Completed reload, in  1.000 seconds
Platform modules already initialized, skipping
Switching build target platform(19) subTarget(0) extendedPlatform(0) -> platform(13) subTarget(537395200) extendedPlatform(0)
Refreshing native plugins compatible for Editor in 0.35 ms, found 2 plugins.
Preloading 0 native plugins for Editor in 0.00 ms.
Unloading 1396 Unused Serialized files (Serialized files now loaded: 0)
System memory in use before: 68.9 MB.
System memory in use after: 69.0 MB.

Unloading 16 unused Assets to reduce memory usage. Loaded Objects now: 1870.
Total: 1.857900 ms (FindLiveObjects: 0.158900 ms CreateObjectMapping: 0.051300 ms MarkObjects: 1.600500 ms  DeleteObjects: 0.046400 ms)

AssetImportParameters requested are different than current active one (requested -> active):
  custom:graphics/normal-map-encoding: 01000000000000000000000000000000 -> 02000000000000000000000000000000
========================================================================
Received Prepare
Registering precompiled user dll's ...
Registered in 0.003687 seconds.
Begin MonoManager ReloadAssembly
Native extension for WindowsStandalone target not found
Refreshing native plugins compatible for Editor in 0.31 ms, found 2 plugins.
Preloading 0 native plugins for Editor in 0.00 ms.
Mono: successfully reloaded assembly
- Completed reload, in  0.983 seconds
Platform modules already initialized, skipping
Switching build target platform(19) subTarget(0) extendedPlatform(0) -> platform(13) subTarget(537395200) extendedPlatform(0)
Refreshing native plugins compatible for Editor in 0.31 ms, found 2 plugins.
Preloading 0 native plugins for Editor in 0.00 ms.
Unloading 1396 Unused Serialized files (Serialized files now loaded: 0)
System memory in use before: 68.9 MB.
System memory in use after: 69.0 MB.

Unloading 16 unused Assets to reduce memory usage. Loaded Objects now: 1873.
Total: 1.982800 ms (FindLiveObjects: 0.139300 ms CreateObjectMapping: 0.046800 ms MarkObjects: 1.747200 ms  DeleteObjects: 0.048400 ms)

AssetImportParameters requested are different than current active one (requested -> active):
  custom:graphics/normal-map-encoding: 01000000000000000000000000000000 -> 02000000000000000000000000000000
========================================================================
Received Import Request.
  Time since last request: 246.853200 seconds.
  path: Assets/Scripts/Tools
  artifactKey: Guid(cc8a53b1ba0104042ac6827fb26dd9f8) Importer(815301076,1909f56bfc062723c751e8b465ee728b)
Start importing Assets/Scripts/Tools using Guid(cc8a53b1ba0104042ac6827fb26dd9f8) Importer(815301076,1909f56bfc062723c751e8b465ee728b)  -> (artifact id: 'b42284a01686d66601e611a04c657fe7') in 0.012880 seconds
  Import took 0.016876 seconds .

========================================================================
Received Import Request.
  Time since last request: 0.001121 seconds.
  path: Assets/Scripts/Tools
  artifactKey: Guid(cc8a53b1ba0104042ac6827fb26dd9f8) Importer(815301076,1909f56bfc062723c751e8b465ee728b)
Start importing Assets/Scripts/Tools using Guid(cc8a53b1ba0104042ac6827fb26dd9f8) Importer(815301076,1909f56bfc062723c751e8b465ee728b)  -> (artifact id: 'b42284a01686d66601e611a04c657fe7') in 0.002908 seconds
  Import took 0.006549 seconds .

========================================================================
Received Import Request.
  Time since last request: 6.998289 seconds.
  path: Assets/Scripts/Tools/ObjectCamp.cs
  artifactKey: Guid(c4e5c341525107e4db26c2f922c6fc5d) Importer(815301076,1909f56bfc062723c751e8b465ee728b)
Start importing Assets/Scripts/Tools/ObjectCamp.cs using Guid(c4e5c341525107e4db26c2f922c6fc5d) Importer(815301076,1909f56bfc062723c751e8b465ee728b)  -> (artifact id: '923b56e519771662cb54e1342a94876f') in 0.008832 seconds
  Import took 0.012522 seconds .

========================================================================
Received Prepare
Registering precompiled user dll's ...
Registered in 0.003756 seconds.
Begin MonoManager ReloadAssembly
Native extension for WindowsStandalone target not found
Refreshing native plugins compatible for Editor in 0.32 ms, found 2 plugins.
Preloading 0 native plugins for Editor in 0.00 ms.
Mono: successfully reloaded assembly
- Completed reload, in  1.049 seconds
Platform modules already initialized, skipping
Switching build target platform(19) subTarget(0) extendedPlatform(0) -> platform(13) subTarget(537395200) extendedPlatform(0)
Refreshing native plugins compatible for Editor in 0.33 ms, found 2 plugins.
Preloading 0 native plugins for Editor in 0.00 ms.
Unloading 1397 Unused Serialized files (Serialized files now loaded: 0)
System memory in use before: 68.9 MB.
System memory in use after: 69.0 MB.

Unloading 16 unused Assets to reduce memory usage. Loaded Objects now: 1877.
Total: 1.951200 ms (FindLiveObjects: 0.156000 ms CreateObjectMapping: 0.046400 ms MarkObjects: 1.698700 ms  DeleteObjects: 0.049200 ms)

AssetImportParameters requested are different than current active one (requested -> active):
  custom:graphics/normal-map-encoding: 01000000000000000000000000000000 -> 02000000000000000000000000000000
========================================================================
Received Prepare
Registering precompiled user dll's ...
Registered in 0.003842 seconds.
Begin MonoManager ReloadAssembly
Native extension for WindowsStandalone target not found
Refreshing native plugins compatible for Editor in 0.31 ms, found 2 plugins.
Preloading 0 native plugins for Editor in 0.00 ms.
Mono: successfully reloaded assembly
- Completed reload, in  0.992 seconds
Platform modules already initialized, skipping
Switching build target platform(19) subTarget(0) extendedPlatform(0) -> platform(13) subTarget(537395200) extendedPlatform(0)
Refreshing native plugins compatible for Editor in 0.34 ms, found 2 plugins.
Preloading 0 native plugins for Editor in 0.00 ms.
Unloading 1397 Unused Serialized files (Serialized files now loaded: 0)
System memory in use before: 68.9 MB.
System memory in use after: 69.0 MB.

Unloading 16 unused Assets to reduce memory usage. Loaded Objects now: 1880.
Total: 1.887400 ms (FindLiveObjects: 0.127600 ms CreateObjectMapping: 0.040500 ms MarkObjects: 1.668800 ms  DeleteObjects: 0.049600 ms)

AssetImportParameters requested are different than current active one (requested -> active):
  custom:graphics/normal-map-encoding: 01000000000000000000000000000000 -> 02000000000000000000000000000000
========================================================================
Received Import Request.
  Time since last request: 98.057188 seconds.
  path: Assets/Resources 1
  artifactKey: Guid(6ad891a04745f9a4e8ef78081d9cb310) Importer(815301076,1909f56bfc062723c751e8b465ee728b)
Start importing Assets/Resources 1 using Guid(6ad891a04745f9a4e8ef78081d9cb310) Importer(815301076,1909f56bfc062723c751e8b465ee728b)  -> (artifact id: 'b53659ab860350ebb0b00e3a565b3e90') in 0.010967 seconds
  Import took 0.014177 seconds .

========================================================================
Received Import Request.
  Time since last request: 26.937718 seconds.
  path: Assets/Scripts/GeneralGame
  artifactKey: Guid(0c6625687bdddc84ca25a1bf3ce7911a) Importer(815301076,1909f56bfc062723c751e8b465ee728b)
Start importing Assets/Scripts/GeneralGame using Guid(0c6625687bdddc84ca25a1bf3ce7911a) Importer(815301076,1909f56bfc062723c751e8b465ee728b)  -> (artifact id: '1a3599472eab66e73f83dfe2c86af480') in 0.007993 seconds
  Import took 0.011820 seconds .

========================================================================
Received Import Request.
  Time since last request: 0.000594 seconds.
  path: Assets/Scripts/GeneralGame
  artifactKey: Guid(0c6625687bdddc84ca25a1bf3ce7911a) Importer(815301076,1909f56bfc062723c751e8b465ee728b)
Start importing Assets/Scripts/GeneralGame using Guid(0c6625687bdddc84ca25a1bf3ce7911a) Importer(815301076,1909f56bfc062723c751e8b465ee728b)  -> (artifact id: '1a3599472eab66e73f83dfe2c86af480') in 0.002738 seconds
  Import took 0.006774 seconds .

========================================================================
Received Import Request.
  Time since last request: 6.655451 seconds.
  path: Assets/Scripts/GeneralGame/GameData.cs
  artifactKey: Guid(081e10296d1403640a19072275978a55) Importer(815301076,1909f56bfc062723c751e8b465ee728b)
Start importing Assets/Scripts/GeneralGame/GameData.cs using Guid(081e10296d1403640a19072275978a55) Importer(815301076,1909f56bfc062723c751e8b465ee728b)  -> (artifact id: '4531c3bade6133998b0755a1289c0cbe') in 0.008189 seconds
  Import took 0.011034 seconds .

========================================================================
Received Prepare
Registering precompiled user dll's ...
Registered in 0.003741 seconds.
Begin MonoManager ReloadAssembly
Native extension for WindowsStandalone target not found
Refreshing native plugins compatible for Editor in 0.33 ms, found 2 plugins.
Preloading 0 native plugins for Editor in 0.00 ms.
Mono: successfully reloaded assembly
- Completed reload, in  1.036 seconds
Platform modules already initialized, skipping
Switching build target platform(19) subTarget(0) extendedPlatform(0) -> platform(13) subTarget(537395200) extendedPlatform(0)
Refreshing native plugins compatible for Editor in 0.35 ms, found 2 plugins.
Preloading 0 native plugins for Editor in 0.00 ms.
Unloading 1398 Unused Serialized files (Serialized files now loaded: 0)
System memory in use before: 69.0 MB.
System memory in use after: 69.0 MB.

Unloading 16 unused Assets to reduce memory usage. Loaded Objects now: 1884.
Total: 2.078700 ms (FindLiveObjects: 0.170800 ms CreateObjectMapping: 0.049200 ms MarkObjects: 1.800000 ms  DeleteObjects: 0.057300 ms)

AssetImportParameters requested are different than current active one (requested -> active):
  custom:graphics/normal-map-encoding: 01000000000000000000000000000000 -> 02000000000000000000000000000000
========================================================================
Received Prepare
Registering precompiled user dll's ...
Registered in 0.004457 seconds.
Begin MonoManager ReloadAssembly
Native extension for WindowsStandalone target not found
Refreshing native plugins compatible for Editor in 0.32 ms, found 2 plugins.
Preloading 0 native plugins for Editor in 0.00 ms.
Mono: successfully reloaded assembly
- Completed reload, in  1.003 seconds
Platform modules already initialized, skipping
Switching build target platform(19) subTarget(0) extendedPlatform(0) -> platform(13) subTarget(537395200) extendedPlatform(0)
Refreshing native plugins compatible for Editor in 0.32 ms, found 2 plugins.
Preloading 0 native plugins for Editor in 0.00 ms.
Unloading 1398 Unused Serialized files (Serialized files now loaded: 0)
System memory in use before: 69.0 MB.
System memory in use after: 69.0 MB.

Unloading 16 unused Assets to reduce memory usage. Loaded Objects now: 1887.
Total: 1.805600 ms (FindLiveObjects: 0.133500 ms CreateObjectMapping: 0.043600 ms MarkObjects: 1.582100 ms  DeleteObjects: 0.045700 ms)

AssetImportParameters requested are different than current active one (requested -> active):
  custom:graphics/normal-map-encoding: 01000000000000000000000000000000 -> 02000000000000000000000000000000
========================================================================
Received Import Request.
  Time since last request: 105.814623 seconds.
  path: Assets/Scripts/GeneralGame/GameData.cs
  artifactKey: Guid(081e10296d1403640a19072275978a55) Importer(815301076,1909f56bfc062723c751e8b465ee728b)
Start importing Assets/Scripts/GeneralGame/GameData.cs using Guid(081e10296d1403640a19072275978a55) Importer(815301076,1909f56bfc062723c751e8b465ee728b)  -> (artifact id: '306aa623638088658efbcfcebfd6673d') in 0.006158 seconds
  Import took 0.014606 seconds .

========================================================================
Received Import Request.
  Time since last request: 10.440508 seconds.
  path: Assets/Resources/ScriptablesObjects
  artifactKey: Guid(c47bc3191f30a1e40b66c3473ec32b7c) Importer(815301076,1909f56bfc062723c751e8b465ee728b)
Start importing Assets/Resources/ScriptablesObjects using Guid(c47bc3191f30a1e40b66c3473ec32b7c) Importer(815301076,1909f56bfc062723c751e8b465ee728b)  -> (artifact id: '6d00308c4a1da05e3c5e9d6e8471f06e') in 0.008019 seconds
  Import took 0.010932 seconds .

========================================================================
Received Import Request.
  Time since last request: 5.212587 seconds.
  path: Assets/Resources/ScriptablesObjects/Game Data.asset
  artifactKey: Guid(31339ed7fdcee0748919189baec17c3d) Importer(815301076,1909f56bfc062723c751e8b465ee728b)
Start importing Assets/Resources/ScriptablesObjects/Game Data.asset using Guid(31339ed7fdcee0748919189baec17c3d) Importer(815301076,1909f56bfc062723c751e8b465ee728b)  -> (artifact id: '1528791ca6fb8df6d79d9fd7b8a179b1') in 0.020066 seconds
  Import took 0.022863 seconds .

========================================================================
Received Import Request.
  Time since last request: 0.001134 seconds.
  path: Assets/Resources/ScriptablesObjects/Game Data.asset
  artifactKey: Guid(31339ed7fdcee0748919189baec17c3d) Importer(815301076,1909f56bfc062723c751e8b465ee728b)
Start importing Assets/Resources/ScriptablesObjects/Game Data.asset using Guid(31339ed7fdcee0748919189baec17c3d) Importer(815301076,1909f56bfc062723c751e8b465ee728b)  -> (artifact id: '1528791ca6fb8df6d79d9fd7b8a179b1') in 0.002691 seconds
  Import took 0.005270 seconds .

========================================================================
Received Import Request.
  Time since last request: 54.202227 seconds.
  path: Assets/Scripts/GeneralGame/GameManager.cs
  artifactKey: Guid(38675e4d4f78adf4ab3356a58a3d72b3) Importer(815301076,1909f56bfc062723c751e8b465ee728b)
Start importing Assets/Scripts/GeneralGame/GameManager.cs using Guid(38675e4d4f78adf4ab3356a58a3d72b3) Importer(815301076,1909f56bfc062723c751e8b465ee728b)  -> (artifact id: '09ece177af36bb07cfdd4f2e2c5ac4f3') in 0.008654 seconds
  Import took 0.012694 seconds .

========================================================================
Received Prepare
Registering precompiled user dll's ...
Registered in 0.003864 seconds.
Begin MonoManager ReloadAssembly
Native extension for WindowsStandalone target not found
Refreshing native plugins compatible for Editor in 0.35 ms, found 2 plugins.
Preloading 0 native plugins for Editor in 0.00 ms.
Mono: successfully reloaded assembly
- Completed reload, in  1.045 seconds
Platform modules already initialized, skipping
Switching build target platform(19) subTarget(0) extendedPlatform(0) -> platform(13) subTarget(537395200) extendedPlatform(0)
Refreshing native plugins compatible for Editor in 0.34 ms, found 2 plugins.
Preloading 0 native plugins for Editor in 0.00 ms.
Unloading 1399 Unused Serialized files (Serialized files now loaded: 0)
System memory in use before: 69.0 MB.
System memory in use after: 69.1 MB.

Unloading 16 unused Assets to reduce memory usage. Loaded Objects now: 1891.
Total: 2.000100 ms (FindLiveObjects: 0.149300 ms CreateObjectMapping: 0.043300 ms MarkObjects: 1.756700 ms  DeleteObjects: 0.049400 ms)

AssetImportParameters requested are different than current active one (requested -> active):
  custom:graphics/normal-map-encoding: 01000000000000000000000000000000 -> 02000000000000000000000000000000
========================================================================
Received Import Request.
  Time since last request: 29.542725 seconds.
  path: Assets/Scripts/GeneralGame/GameManager.cs
  artifactKey: Guid(38675e4d4f78adf4ab3356a58a3d72b3) Importer(815301076,1909f56bfc062723c751e8b465ee728b)
Start importing Assets/Scripts/GeneralGame/GameManager.cs using Guid(38675e4d4f78adf4ab3356a58a3d72b3) Importer(815301076,1909f56bfc062723c751e8b465ee728b)  -> (artifact id: '55e9b649ce44e6e097904aa12cca92c8') in 0.008951 seconds
  Import took 0.012322 seconds .

========================================================================
Received Import Request.
  Time since last request: 0.002949 seconds.
  path: Assets/Scripts/GeneralGame/GameManager.cs
  artifactKey: Guid(38675e4d4f78adf4ab3356a58a3d72b3) Importer(815301076,1909f56bfc062723c751e8b465ee728b)
Start importing Assets/Scripts/GeneralGame/GameManager.cs using Guid(38675e4d4f78adf4ab3356a58a3d72b3) Importer(815301076,1909f56bfc062723c751e8b465ee728b)  -> (artifact id: '55e9b649ce44e6e097904aa12cca92c8') in 0.003066 seconds
  Import took 0.007041 seconds .

========================================================================
Received Prepare
Registering precompiled user dll's ...
Registered in 0.003837 seconds.
Begin MonoManager ReloadAssembly
Native extension for WindowsStandalone target not found
Refreshing native plugins compatible for Editor in 0.32 ms, found 2 plugins.
Preloading 0 native plugins for Editor in 0.00 ms.
Mono: successfully reloaded assembly
- Completed reload, in  1.035 seconds
Platform modules already initialized, skipping
Switching build target platform(19) subTarget(0) extendedPlatform(0) -> platform(13) subTarget(537395200) extendedPlatform(0)
Refreshing native plugins compatible for Editor in 0.32 ms, found 2 plugins.
Preloading 0 native plugins for Editor in 0.00 ms.
Unloading 1399 Unused Serialized files (Serialized files now loaded: 0)
System memory in use before: 69.0 MB.
System memory in use after: 69.1 MB.

Unloading 16 unused Assets to reduce memory usage. Loaded Objects now: 1894.
Total: 2.063400 ms (FindLiveObjects: 0.155600 ms CreateObjectMapping: 0.044600 ms MarkObjects: 1.809200 ms  DeleteObjects: 0.052800 ms)

AssetImportParameters requested are different than current active one (requested -> active):
  custom:graphics/normal-map-encoding: 01000000000000000000000000000000 -> 02000000000000000000000000000000
========================================================================
Received Import Request.
  Time since last request: 88.468777 seconds.
  path: Assets/Scripts/Shell
  artifactKey: Guid(65f770634bada614b9d605f6753001b7) Importer(815301076,1909f56bfc062723c751e8b465ee728b)
Start importing Assets/Scripts/Shell using Guid(65f770634bada614b9d605f6753001b7) Importer(815301076,1909f56bfc062723c751e8b465ee728b)  -> (artifact id: 'b736ff5f225bac7efe9637180f76203a') in 0.014075 seconds
  Import took 0.016789 seconds .

========================================================================
Received Import Request.
  Time since last request: 10.208487 seconds.
  path: Assets/Scripts/Shell/Singleton.cs
  artifactKey: Guid(43a5f809de900454bb61af851d7de3e6) Importer(815301076,1909f56bfc062723c751e8b465ee728b)
Start importing Assets/Scripts/Shell/Singleton.cs using Guid(43a5f809de900454bb61af851d7de3e6) Importer(815301076,1909f56bfc062723c751e8b465ee728b)  -> (artifact id: '3bbdd0b466ba62a9766705ef7e37d6ae') in 0.007922 seconds
  Import took 0.011026 seconds .

========================================================================
Received Prepare
Registering precompiled user dll's ...
Registered in 0.003975 seconds.
Begin MonoManager ReloadAssembly
Native extension for WindowsStandalone target not found
Refreshing native plugins compatible for Editor in 0.35 ms, found 2 plugins.
Preloading 0 native plugins for Editor in 0.00 ms.
Mono: successfully reloaded assembly
- Completed reload, in  1.086 seconds
Platform modules already initialized, skipping
Switching build target platform(19) subTarget(0) extendedPlatform(0) -> platform(13) subTarget(537395200) extendedPlatform(0)
Refreshing native plugins compatible for Editor in 0.33 ms, found 2 plugins.
Preloading 0 native plugins for Editor in 0.00 ms.
Unloading 1400 Unused Serialized files (Serialized files now loaded: 0)
System memory in use before: 69.0 MB.
System memory in use after: 69.1 MB.

Unloading 16 unused Assets to reduce memory usage. Loaded Objects now: 1898.
Total: 1.948600 ms (FindLiveObjects: 0.179300 ms CreateObjectMapping: 0.049600 ms MarkObjects: 1.672800 ms  DeleteObjects: 0.045800 ms)

AssetImportParameters requested are different than current active one (requested -> active):
  custom:graphics/normal-map-encoding: 01000000000000000000000000000000 -> 02000000000000000000000000000000
========================================================================
Received Prepare
Registering precompiled user dll's ...
Registered in 0.006656 seconds.
Begin MonoManager ReloadAssembly
Native extension for WindowsStandalone target not found
Refreshing native plugins compatible for Editor in 0.36 ms, found 2 plugins.
Preloading 0 native plugins for Editor in 0.00 ms.
Mono: successfully reloaded assembly
- Completed reload, in  1.102 seconds
Platform modules already initialized, skipping
Switching build target platform(19) subTarget(0) extendedPlatform(0) -> platform(13) subTarget(537395200) extendedPlatform(0)
Refreshing native plugins compatible for Editor in 0.38 ms, found 2 plugins.
Preloading 0 native plugins for Editor in 0.00 ms.
Unloading 1400 Unused Serialized files (Serialized files now loaded: 0)
System memory in use before: 69.0 MB.
System memory in use after: 69.1 MB.

Unloading 16 unused Assets to reduce memory usage. Loaded Objects now: 1901.
Total: 2.138900 ms (FindLiveObjects: 0.215300 ms CreateObjectMapping: 0.043900 ms MarkObjects: 1.825300 ms  DeleteObjects: 0.053400 ms)

AssetImportParameters requested are different than current active one (requested -> active):
  custom:graphics/normal-map-encoding: 01000000000000000000000000000000 -> 02000000000000000000000000000000
========================================================================
Received Import Request.
  Time since last request: 445.953323 seconds.
  path: Assets/Scripts/Shell/Singleton.cs
  artifactKey: Guid(43a5f809de900454bb61af851d7de3e6) Importer(815301076,1909f56bfc062723c751e8b465ee728b)
Start importing Assets/Scripts/Shell/Singleton.cs using Guid(43a5f809de900454bb61af851d7de3e6) Importer(815301076,1909f56bfc062723c751e8b465ee728b)  -> (artifact id: '8de7f9eaa658f196bc41f90f0cfa4484') in 0.004138 seconds
  Import took 0.012864 seconds .

========================================================================
Received Import Request.
  Time since last request: 464.770488 seconds.
  path: Assets/Scripts/GeneralGame/LevelData.cs
  artifactKey: Guid(7222b59c488158d4086d9c5e6a610797) Importer(815301076,1909f56bfc062723c751e8b465ee728b)
Start importing Assets/Scripts/GeneralGame/LevelData.cs using Guid(7222b59c488158d4086d9c5e6a610797) Importer(815301076,1909f56bfc062723c751e8b465ee728b)  -> (artifact id: 'd150ef0927472384fd2292b5ed1e74f3') in 0.013989 seconds
  Import took 0.021227 seconds .

========================================================================
Received Prepare
Registering precompiled user dll's ...
Registered in 0.003722 seconds.
Begin MonoManager ReloadAssembly
Native extension for WindowsStandalone target not found
Refreshing native plugins compatible for Editor in 0.34 ms, found 2 plugins.
Preloading 0 native plugins for Editor in 0.00 ms.
Mono: successfully reloaded assembly
- Completed reload, in  1.145 seconds
Platform modules already initialized, skipping
Switching build target platform(19) subTarget(0) extendedPlatform(0) -> platform(13) subTarget(537395200) extendedPlatform(0)
Refreshing native plugins compatible for Editor in 0.62 ms, found 2 plugins.
Preloading 0 native plugins for Editor in 0.00 ms.
Unloading 1401 Unused Serialized files (Serialized files now loaded: 0)
System memory in use before: 69.0 MB.
System memory in use after: 69.1 MB.

Unloading 16 unused Assets to reduce memory usage. Loaded Objects now: 1905.
Total: 1.772300 ms (FindLiveObjects: 0.157900 ms CreateObjectMapping: 0.046700 ms MarkObjects: 1.517000 ms  DeleteObjects: 0.049200 ms)

AssetImportParameters requested are different than current active one (requested -> active):
  custom:graphics/normal-map-encoding: 01000000000000000000000000000000 -> 02000000000000000000000000000000
========================================================================
Received Prepare
Registering precompiled user dll's ...
Registered in 0.005174 seconds.
Begin MonoManager ReloadAssembly
Native extension for WindowsStandalone target not found
Refreshing native plugins compatible for Editor in 0.31 ms, found 2 plugins.
Preloading 0 native plugins for Editor in 0.00 ms.
Mono: successfully reloaded assembly
- Completed reload, in  1.108 seconds
Platform modules already initialized, skipping
Switching build target platform(19) subTarget(0) extendedPlatform(0) -> platform(13) subTarget(537395200) extendedPlatform(0)
Refreshing native plugins compatible for Editor in 0.34 ms, found 2 plugins.
Preloading 0 native plugins for Editor in 0.00 ms.
Unloading 1401 Unused Serialized files (Serialized files now loaded: 0)
System memory in use before: 69.0 MB.
System memory in use after: 69.1 MB.

Unloading 16 unused Assets to reduce memory usage. Loaded Objects now: 1908.
Total: 2.189700 ms (FindLiveObjects: 0.173100 ms CreateObjectMapping: 0.048400 ms MarkObjects: 1.910800 ms  DeleteObjects: 0.056100 ms)

AssetImportParameters requested are different than current active one (requested -> active):
  custom:graphics/normal-map-encoding: 01000000000000000000000000000000 -> 02000000000000000000000000000000
========================================================================
Received Import Request.
  Time since last request: 77.295192 seconds.
  path: Assets/Scripts/GeneralGame/LevelData.cs
  artifactKey: Guid(7222b59c488158d4086d9c5e6a610797) Importer(815301076,1909f56bfc062723c751e8b465ee728b)
Start importing Assets/Scripts/GeneralGame/LevelData.cs using Guid(7222b59c488158d4086d9c5e6a610797) Importer(815301076,1909f56bfc062723c751e8b465ee728b)  -> (artifact id: '4ce1354711c9ef50bfaaa8a25e8b3417') in 0.005111 seconds
  Import took 0.007468 seconds .

========================================================================
Received Prepare
Registering precompiled user dll's ...
Registered in 0.003773 seconds.
Begin MonoManager ReloadAssembly
Native extension for WindowsStandalone target not found
Refreshing native plugins compatible for Editor in 0.35 ms, found 2 plugins.
Preloading 0 native plugins for Editor in 0.00 ms.
Mono: successfully reloaded assembly
- Completed reload, in  1.127 seconds
Platform modules already initialized, skipping
Switching build target platform(19) subTarget(0) extendedPlatform(0) -> platform(13) subTarget(537395200) extendedPlatform(0)
Refreshing native plugins compatible for Editor in 0.38 ms, found 2 plugins.
Preloading 0 native plugins for Editor in 0.00 ms.
Unloading 1401 Unused Serialized files (Serialized files now loaded: 0)
System memory in use before: 69.0 MB.
System memory in use after: 69.1 MB.

Unloading 16 unused Assets to reduce memory usage. Loaded Objects now: 1911.
Total: 1.971800 ms (FindLiveObjects: 0.135500 ms CreateObjectMapping: 0.044000 ms MarkObjects: 1.724400 ms  DeleteObjects: 0.066800 ms)

AssetImportParameters requested are different than current active one (requested -> active):
  custom:graphics/normal-map-encoding: 01000000000000000000000000000000 -> 02000000000000000000000000000000
========================================================================
Received Import Request.
  Time since last request: 144.682120 seconds.
  path: Assets/Scripts/Levels
  artifactKey: Guid(ca7873085b4905740927fbea474f2074) Importer(815301076,1909f56bfc062723c751e8b465ee728b)
Start importing Assets/Scripts/Levels using Guid(ca7873085b4905740927fbea474f2074) Importer(815301076,1909f56bfc062723c751e8b465ee728b)  -> (artifact id: '16d293308760a93dcb078da64231e857') in 0.012442 seconds
  Import took 0.016046 seconds .

========================================================================
Received Import Request.
  Time since last request: 15.300388 seconds.
  path: Assets/Levels/Level Data.asset
  artifactKey: Guid(f0ad82f5c123c0f4791999571a5d3c35) Importer(815301076,1909f56bfc062723c751e8b465ee728b)
Start importing Assets/Levels/Level Data.asset using Guid(f0ad82f5c123c0f4791999571a5d3c35) Importer(815301076,1909f56bfc062723c751e8b465ee728b)  -> (artifact id: '74a5e17a2ba0b6aba2cacabb870848ef') in 0.022412 seconds
  Import took 0.025546 seconds .

========================================================================
Received Import Request.
  Time since last request: 7.436381 seconds.
  path: Assets/Levels/Level.asset
  artifactKey: Guid(f0ad82f5c123c0f4791999571a5d3c35) Importer(815301076,1909f56bfc062723c751e8b465ee728b)
Start importing Assets/Levels/Level.asset using Guid(f0ad82f5c123c0f4791999571a5d3c35) Importer(815301076,1909f56bfc062723c751e8b465ee728b)  -> (artifact id: '8d9384b67c23f1369752bf380963db21') in 0.008165 seconds
  Import took 0.010995 seconds .

========================================================================
Received Prepare
Registering precompiled user dll's ...
Registered in 0.004141 seconds.
Begin MonoManager ReloadAssembly
Native extension for WindowsStandalone target not found
Refreshing native plugins compatible for Editor in 0.31 ms, found 2 plugins.
Preloading 0 native plugins for Editor in 0.00 ms.
Mono: successfully reloaded assembly
- Completed reload, in  1.091 seconds
Platform modules already initialized, skipping
Switching build target platform(19) subTarget(0) extendedPlatform(0) -> platform(13) subTarget(537395200) extendedPlatform(0)
Refreshing native plugins compatible for Editor in 0.49 ms, found 2 plugins.
Preloading 0 native plugins for Editor in 0.00 ms.
Unloading 1401 Unused Serialized files (Serialized files now loaded: 0)
System memory in use before: 69.0 MB.
System memory in use after: 69.1 MB.

Unloading 16 unused Assets to reduce memory usage. Loaded Objects now: 1914.
Total: 2.583700 ms (FindLiveObjects: 0.244000 ms CreateObjectMapping: 0.079000 ms MarkObjects: 2.207000 ms  DeleteObjects: 0.052500 ms)

AssetImportParameters requested are different than current active one (requested -> active):
  custom:graphics/normal-map-encoding: 01000000000000000000000000000000 -> 02000000000000000000000000000000
========================================================================
Received Import Request.
  Time since last request: 49.887897 seconds.
  path: Assets/Levels/Level1.asset
  artifactKey: Guid(f0ad82f5c123c0f4791999571a5d3c35) Importer(815301076,1909f56bfc062723c751e8b465ee728b)
Start importing Assets/Levels/Level1.asset using Guid(f0ad82f5c123c0f4791999571a5d3c35) Importer(815301076,1909f56bfc062723c751e8b465ee728b)  -> (artifact id: '37fb584125bd3629d8bf3d1eb4350b0d') in 0.021481 seconds
  Import took 0.024414 seconds .

========================================================================
Received Import Request.
  Time since last request: 32.478389 seconds.
  path: Assets/Levels/Level1.prefab
  artifactKey: Guid(1ad58539f0771c949b2df65d86b19456) Importer(815301076,1909f56bfc062723c751e8b465ee728b)
Start importing Assets/Levels/Level1.prefab using Guid(1ad58539f0771c949b2df65d86b19456) Importer(815301076,1909f56bfc062723c751e8b465ee728b)  -> (artifact id: 'fdfcc627a9ba74094c8b6c2ca8c0a47a') in 0.128486 seconds
  Import took 0.132135 seconds .

========================================================================
Received Import Request.
  Time since last request: 14.900725 seconds.
  path: Assets/Levels/Level1.asset
  artifactKey: Guid(f0ad82f5c123c0f4791999571a5d3c35) Importer(815301076,1909f56bfc062723c751e8b465ee728b)
Start importing Assets/Levels/Level1.asset using Guid(f0ad82f5c123c0f4791999571a5d3c35) Importer(815301076,1909f56bfc062723c751e8b465ee728b)  -> (artifact id: '3e65b9b21c2b29f5930f0617d441e9a2') in 0.006950 seconds
  Import took 0.010642 seconds .

========================================================================
Received Prepare
Registering precompiled user dll's ...
Registered in 0.004933 seconds.
Begin MonoManager ReloadAssembly
Native extension for WindowsStandalone target not found
Refreshing native plugins compatible for Editor in 0.32 ms, found 2 plugins.
Preloading 0 native plugins for Editor in 0.00 ms.
Mono: successfully reloaded assembly
- Completed reload, in  1.189 seconds
Platform modules already initialized, skipping
Switching build target platform(19) subTarget(0) extendedPlatform(0) -> platform(13) subTarget(537395200) extendedPlatform(0)
Refreshing native plugins compatible for Editor in 0.36 ms, found 2 plugins.
Preloading 0 native plugins for Editor in 0.00 ms.
Unloading 1401 Unused Serialized files (Serialized files now loaded: 0)
System memory in use before: 69.2 MB.
System memory in use after: 69.3 MB.

Unloading 17 unused Assets to reduce memory usage. Loaded Objects now: 1922.
Total: 1.832600 ms (FindLiveObjects: 0.137200 ms CreateObjectMapping: 0.042100 ms MarkObjects: 1.602400 ms  DeleteObjects: 0.050000 ms)

AssetImportParameters requested are different than current active one (requested -> active):
  custom:graphics/normal-map-encoding: 01000000000000000000000000000000 -> 02000000000000000000000000000000
========================================================================
Received Import Request.
  Time since last request: 505.886056 seconds.
  path: Assets/Resources/ScriptablesObjects/Game Data.asset
  artifactKey: Guid(31339ed7fdcee0748919189baec17c3d) Importer(815301076,1909f56bfc062723c751e8b465ee728b)
Start importing Assets/Resources/ScriptablesObjects/Game Data.asset using Guid(31339ed7fdcee0748919189baec17c3d) Importer(815301076,1909f56bfc062723c751e8b465ee728b)  -> (artifact id: '8777a9da64ce37c26b37c314967adcc6') in 0.035914 seconds
  Import took 0.039151 seconds .

========================================================================
Received Import Request.
  Time since last request: 0.002162 seconds.
  path: Assets/Resources/ScriptablesObjects/Game Data.asset
  artifactKey: Guid(31339ed7fdcee0748919189baec17c3d) Importer(815301076,1909f56bfc062723c751e8b465ee728b)
Start importing Assets/Resources/ScriptablesObjects/Game Data.asset using Guid(31339ed7fdcee0748919189baec17c3d) Importer(815301076,1909f56bfc062723c751e8b465ee728b)  -> (artifact id: '8777a9da64ce37c26b37c314967adcc6') in 0.007387 seconds
  Import took 0.010917 seconds .

========================================================================
Received Prepare
Registering precompiled user dll's ...
Registered in 0.006156 seconds.
Begin MonoManager ReloadAssembly
Native extension for WindowsStandalone target not found
Refreshing native plugins compatible for Editor in 0.54 ms, found 2 plugins.
Preloading 0 native plugins for Editor in 0.00 ms.
Mono: successfully reloaded assembly
- Completed reload, in  1.170 seconds
Platform modules already initialized, skipping
Switching build target platform(19) subTarget(0) extendedPlatform(0) -> platform(13) subTarget(537395200) extendedPlatform(0)
Refreshing native plugins compatible for Editor in 0.73 ms, found 2 plugins.
Preloading 0 native plugins for Editor in 0.00 ms.
Unloading 1401 Unused Serialized files (Serialized files now loaded: 0)
System memory in use before: 69.2 MB.
System memory in use after: 69.3 MB.

Unloading 16 unused Assets to reduce memory usage. Loaded Objects now: 1925.
Total: 2.418900 ms (FindLiveObjects: 0.236300 ms CreateObjectMapping: 0.051000 ms MarkObjects: 2.031100 ms  DeleteObjects: 0.099300 ms)

AssetImportParameters requested are different than current active one (requested -> active):
  custom:graphics/normal-map-encoding: 01000000000000000000000000000000 -> 02000000000000000000000000000000
========================================================================
Received Prepare
Registering precompiled user dll's ...
Registered in 0.005196 seconds.
Begin MonoManager ReloadAssembly
Native extension for WindowsStandalone target not found
Refreshing native plugins compatible for Editor in 0.37 ms, found 2 plugins.
Preloading 0 native plugins for Editor in 0.00 ms.
Mono: successfully reloaded assembly
- Completed reload, in  1.207 seconds
Platform modules already initialized, skipping
Switching build target platform(19) subTarget(0) extendedPlatform(0) -> platform(13) subTarget(537395200) extendedPlatform(0)
Refreshing native plugins compatible for Editor in 0.37 ms, found 2 plugins.
Preloading 0 native plugins for Editor in 0.00 ms.
Unloading 1401 Unused Serialized files (Serialized files now loaded: 0)
System memory in use before: 69.2 MB.
System memory in use after: 69.3 MB.

Unloading 16 unused Assets to reduce memory usage. Loaded Objects now: 1928.
Total: 2.062300 ms (FindLiveObjects: 0.159700 ms CreateObjectMapping: 0.043700 ms MarkObjects: 1.771100 ms  DeleteObjects: 0.086600 ms)

AssetImportParameters requested are different than current active one (requested -> active):
  custom:graphics/normal-map-encoding: 01000000000000000000000000000000 -> 02000000000000000000000000000000
========================================================================
Received Import Request.
  Time since last request: 71.614951 seconds.
  path: Assets/Levels/Level1 1.asset
  artifactKey: Guid(62e0fb2e80531d6459605a0fed534310) Importer(815301076,1909f56bfc062723c751e8b465ee728b)
Start importing Assets/Levels/Level1 1.asset using Guid(62e0fb2e80531d6459605a0fed534310) Importer(815301076,1909f56bfc062723c751e8b465ee728b)  -> (artifact id: 'd40b9005387d48a0837b5da249b13522') in 0.031039 seconds
  Import took 0.033629 seconds .

========================================================================
Received Import Request.
  Time since last request: 5.016675 seconds.
  path: Assets/Levels/Level1 2.asset
  artifactKey: Guid(62e0fb2e80531d6459605a0fed534310) Importer(815301076,1909f56bfc062723c751e8b465ee728b)
Start importing Assets/Levels/Level1 2.asset using Guid(62e0fb2e80531d6459605a0fed534310) Importer(815301076,1909f56bfc062723c751e8b465ee728b)  -> (artifact id: '6785ba848d6c33893f68a429e5e8a546') in 0.012501 seconds
  Import took 0.016720 seconds .

========================================================================
Received Import Request.
  Time since last request: 7.036173 seconds.
  path: Assets/Levels/Level2.asset
  artifactKey: Guid(62e0fb2e80531d6459605a0fed534310) Importer(815301076,1909f56bfc062723c751e8b465ee728b)
Start importing Assets/Levels/Level2.asset using Guid(62e0fb2e80531d6459605a0fed534310) Importer(815301076,1909f56bfc062723c751e8b465ee728b)  -> (artifact id: 'd7da3766e0f8b73bb8009cf37532b87a') in 0.015395 seconds
  Import took 0.025212 seconds .

========================================================================
Received Import Request.
  Time since last request: 3.001645 seconds.
  path: Assets/Levels/Level1 1.prefab
  artifactKey: Guid(2bfa1e1d81e40c648a7447db309eee08) Importer(815301076,1909f56bfc062723c751e8b465ee728b)
Start importing Assets/Levels/Level1 1.prefab using Guid(2bfa1e1d81e40c648a7447db309eee08) Importer(815301076,1909f56bfc062723c751e8b465ee728b)  -> (artifact id: '4002fefd4cee20871228ca0d9e6fe3c0') in 0.066055 seconds
  Import took 0.069261 seconds .

========================================================================
Received Import Request.
  Time since last request: 6.080854 seconds.
  path: Assets/Levels/Level2.prefab
  artifactKey: Guid(2bfa1e1d81e40c648a7447db309eee08) Importer(815301076,1909f56bfc062723c751e8b465ee728b)
Start importing Assets/Levels/Level2.prefab using Guid(2bfa1e1d81e40c648a7447db309eee08) Importer(815301076,1909f56bfc062723c751e8b465ee728b)  -> (artifact id: '7ea9cf630f17e633c29a3614eae2dd7e') in 0.024206 seconds
  Import took 0.028265 seconds .

========================================================================
Received Import Request.
  Time since last request: 19.630602 seconds.
  path: Assets/Levels/Level2.asset
  artifactKey: Guid(62e0fb2e80531d6459605a0fed534310) Importer(815301076,1909f56bfc062723c751e8b465ee728b)
Start importing Assets/Levels/Level2.asset using Guid(62e0fb2e80531d6459605a0fed534310) Importer(815301076,1909f56bfc062723c751e8b465ee728b)  -> (artifact id: '06da55726e1cb0a2444d5f00498086be') in 0.007776 seconds
  Import took 0.011408 seconds .

========================================================================
Received Import Request.
  Time since last request: 0.000431 seconds.
  path: Assets/Resources/ScriptablesObjects/Game Data.asset
  artifactKey: Guid(31339ed7fdcee0748919189baec17c3d) Importer(815301076,1909f56bfc062723c751e8b465ee728b)
Start importing Assets/Resources/ScriptablesObjects/Game Data.asset using Guid(31339ed7fdcee0748919189baec17c3d) Importer(815301076,1909f56bfc062723c751e8b465ee728b)  -> (artifact id: '34900f640815f448e961a841255c6722') in 0.009973 seconds
  Import took 0.014310 seconds .

========================================================================
Received Prepare
Registering precompiled user dll's ...
Registered in 0.004395 seconds.
Begin MonoManager ReloadAssembly
Native extension for WindowsStandalone target not found
Refreshing native plugins compatible for Editor in 0.42 ms, found 2 plugins.
Preloading 0 native plugins for Editor in 0.00 ms.
Mono: successfully reloaded assembly
- Completed reload, in  1.208 seconds
Platform modules already initialized, skipping
Switching build target platform(19) subTarget(0) extendedPlatform(0) -> platform(13) subTarget(537395200) extendedPlatform(0)
Refreshing native plugins compatible for Editor in 0.40 ms, found 2 plugins.
Preloading 0 native plugins for Editor in 0.00 ms.
Unloading 1401 Unused Serialized files (Serialized files now loaded: 0)
System memory in use before: 69.3 MB.
System memory in use after: 69.3 MB.

Unloading 17 unused Assets to reduce memory usage. Loaded Objects now: 1932.
Total: 2.147800 ms (FindLiveObjects: 0.165100 ms CreateObjectMapping: 0.046600 ms MarkObjects: 1.836000 ms  DeleteObjects: 0.099100 ms)

AssetImportParameters requested are different than current active one (requested -> active):
  custom:graphics/normal-map-encoding: 01000000000000000000000000000000 -> 02000000000000000000000000000000
========================================================================
Received Prepare
Registering precompiled user dll's ...
Registered in 0.004547 seconds.
Begin MonoManager ReloadAssembly
Native extension for WindowsStandalone target not found
Refreshing native plugins compatible for Editor in 0.46 ms, found 2 plugins.
Preloading 0 native plugins for Editor in 0.00 ms.
Mono: successfully reloaded assembly
- Completed reload, in  1.255 seconds
Platform modules already initialized, skipping
Switching build target platform(19) subTarget(0) extendedPlatform(0) -> platform(13) subTarget(537395200) extendedPlatform(0)
Refreshing native plugins compatible for Editor in 0.38 ms, found 2 plugins.
Preloading 0 native plugins for Editor in 0.00 ms.
Unloading 1401 Unused Serialized files (Serialized files now loaded: 0)
System memory in use before: 69.3 MB.
System memory in use after: 69.3 MB.

Unloading 16 unused Assets to reduce memory usage. Loaded Objects now: 1935.
Total: 1.843300 ms (FindLiveObjects: 0.141600 ms CreateObjectMapping: 0.047700 ms MarkObjects: 1.609600 ms  DeleteObjects: 0.043400 ms)

AssetImportParameters requested are different than current active one (requested -> active):
  custom:graphics/normal-map-encoding: 01000000000000000000000000000000 -> 02000000000000000000000000000000
========================================================================
Received Prepare
Registering precompiled user dll's ...
Registered in 0.004372 seconds.
Begin MonoManager ReloadAssembly
Native extension for WindowsStandalone target not found
Refreshing native plugins compatible for Editor in 0.43 ms, found 2 plugins.
Preloading 0 native plugins for Editor in 0.00 ms.
Mono: successfully reloaded assembly
- Completed reload, in  1.283 seconds
Platform modules already initialized, skipping
Switching build target platform(19) subTarget(0) extendedPlatform(0) -> platform(13) subTarget(537395200) extendedPlatform(0)
Refreshing native plugins compatible for Editor in 0.49 ms, found 2 plugins.
Preloading 0 native plugins for Editor in 0.00 ms.
Unloading 1401 Unused Serialized files (Serialized files now loaded: 0)
System memory in use before: 69.3 MB.
System memory in use after: 69.3 MB.

Unloading 16 unused Assets to reduce memory usage. Loaded Objects now: 1938.
Total: 2.484900 ms (FindLiveObjects: 0.175400 ms CreateObjectMapping: 0.047200 ms MarkObjects: 2.172700 ms  DeleteObjects: 0.088400 ms)

AssetImportParameters requested are different than current active one (requested -> active):
  custom:graphics/normal-map-encoding: 01000000000000000000000000000000 -> 02000000000000000000000000000000
========================================================================
Received Import Request.
  Time since last request: 137.501406 seconds.
  path: Assets/Prefabs/Ball/Ball.prefab
  artifactKey: Guid(d0ff8d10667939245b18d9deeb638d6d) Importer(815301076,1909f56bfc062723c751e8b465ee728b)
Start importing Assets/Prefabs/Ball/Ball.prefab using Guid(d0ff8d10667939245b18d9deeb638d6d) Importer(815301076,1909f56bfc062723c751e8b465ee728b)  -> (artifact id: 'ee6975a01e472d2c6e012b40d7013a1a') in 0.054218 seconds
  Import took 0.056748 seconds .

========================================================================
Received Import Request.
  Time since last request: 1.589314 seconds.
  path: Assets/Prefabs/Ball/Ball.prefab
  artifactKey: Guid(d0ff8d10667939245b18d9deeb638d6d) Importer(815301076,1909f56bfc062723c751e8b465ee728b)
Start importing Assets/Prefabs/Ball/Ball.prefab using Guid(d0ff8d10667939245b18d9deeb638d6d) Importer(815301076,1909f56bfc062723c751e8b465ee728b)  -> (artifact id: 'ee6975a01e472d2c6e012b40d7013a1a') in 0.013494 seconds
  Import took 0.016411 seconds .

========================================================================
Received Prepare
Registering precompiled user dll's ...
Registered in 0.004516 seconds.
Begin MonoManager ReloadAssembly
Native extension for WindowsStandalone target not found
Refreshing native plugins compatible for Editor in 0.58 ms, found 2 plugins.
Preloading 0 native plugins for Editor in 0.00 ms.
Mono: successfully reloaded assembly
- Completed reload, in  1.350 seconds
Platform modules already initialized, skipping
Switching build target platform(19) subTarget(0) extendedPlatform(0) -> platform(13) subTarget(537395200) extendedPlatform(0)
Refreshing native plugins compatible for Editor in 0.41 ms, found 2 plugins.
Preloading 0 native plugins for Editor in 0.00 ms.
Unloading 1401 Unused Serialized files (Serialized files now loaded: 0)
System memory in use before: 69.3 MB.
System memory in use after: 69.3 MB.

Unloading 16 unused Assets to reduce memory usage. Loaded Objects now: 1942.
Total: 2.575900 ms (FindLiveObjects: 0.250700 ms CreateObjectMapping: 0.062800 ms MarkObjects: 2.144900 ms  DeleteObjects: 0.115900 ms)

AssetImportParameters requested are different than current active one (requested -> active):
  custom:graphics/normal-map-encoding: 01000000000000000000000000000000 -> 02000000000000000000000000000000
========================================================================
Received Prepare
Registering precompiled user dll's ...
Registered in 0.004095 seconds.
Begin MonoManager ReloadAssembly
Native extension for WindowsStandalone target not found
Refreshing native plugins compatible for Editor in 0.43 ms, found 2 plugins.
Preloading 0 native plugins for Editor in 0.00 ms.
Mono: successfully reloaded assembly
- Completed reload, in  1.323 seconds
Platform modules already initialized, skipping
Switching build target platform(19) subTarget(0) extendedPlatform(0) -> platform(13) subTarget(537395200) extendedPlatform(0)
Refreshing native plugins compatible for Editor in 0.36 ms, found 2 plugins.
Preloading 0 native plugins for Editor in 0.00 ms.
Unloading 1401 Unused Serialized files (Serialized files now loaded: 0)
System memory in use before: 69.3 MB.
System memory in use after: 69.4 MB.

Unloading 16 unused Assets to reduce memory usage. Loaded Objects now: 1945.
Total: 2.163200 ms (FindLiveObjects: 0.164900 ms CreateObjectMapping: 0.048100 ms MarkObjects: 1.898600 ms  DeleteObjects: 0.050600 ms)

AssetImportParameters requested are different than current active one (requested -> active):
  custom:graphics/normal-map-encoding: 01000000000000000000000000000000 -> 02000000000000000000000000000000
========================================================================
Received Import Request.
  Time since last request: 208.126525 seconds.
  path: Assets/Scripts/Shell/ActorBase.cs
  artifactKey: Guid(c60ba54cf15aff9439c111f926b42098) Importer(815301076,1909f56bfc062723c751e8b465ee728b)
Start importing Assets/Scripts/Shell/ActorBase.cs using Guid(c60ba54cf15aff9439c111f926b42098) Importer(815301076,1909f56bfc062723c751e8b465ee728b)  -> (artifact id: 'c6fbb204b5b372e04488cafe5f0d781c') in 0.015443 seconds
  Import took 0.020830 seconds .

========================================================================
Received Prepare
Registering precompiled user dll's ...
Registered in 0.003982 seconds.
Begin MonoManager ReloadAssembly
Native extension for WindowsStandalone target not found
Refreshing native plugins compatible for Editor in 1.06 ms, found 2 plugins.
Preloading 0 native plugins for Editor in 0.00 ms.
Mono: successfully reloaded assembly
- Completed reload, in  1.454 seconds
Platform modules already initialized, skipping
Switching build target platform(19) subTarget(0) extendedPlatform(0) -> platform(13) subTarget(537395200) extendedPlatform(0)
Refreshing native plugins compatible for Editor in 0.51 ms, found 2 plugins.
Preloading 0 native plugins for Editor in 0.00 ms.
Unloading 1402 Unused Serialized files (Serialized files now loaded: 0)
System memory in use before: 69.3 MB.
System memory in use after: 69.4 MB.

Unloading 16 unused Assets to reduce memory usage. Loaded Objects now: 1949.
Total: 1.932600 ms (FindLiveObjects: 0.159000 ms CreateObjectMapping: 0.047200 ms MarkObjects: 1.651600 ms  DeleteObjects: 0.073600 ms)

AssetImportParameters requested are different than current active one (requested -> active):
  custom:graphics/normal-map-encoding: 01000000000000000000000000000000 -> 02000000000000000000000000000000
========================================================================
Received Prepare
Registering precompiled user dll's ...
Registered in 0.004474 seconds.
Begin MonoManager ReloadAssembly
Native extension for WindowsStandalone target not found
Refreshing native plugins compatible for Editor in 0.35 ms, found 2 plugins.
Preloading 0 native plugins for Editor in 0.00 ms.
Mono: successfully reloaded assembly
- Completed reload, in  1.395 seconds
Platform modules already initialized, skipping
Switching build target platform(19) subTarget(0) extendedPlatform(0) -> platform(13) subTarget(537395200) extendedPlatform(0)
Refreshing native plugins compatible for Editor in 0.40 ms, found 2 plugins.
Preloading 0 native plugins for Editor in 0.00 ms.
Unloading 1402 Unused Serialized files (Serialized files now loaded: 0)
System memory in use before: 69.3 MB.
System memory in use after: 69.4 MB.

Unloading 16 unused Assets to reduce memory usage. Loaded Objects now: 1952.
Total: 1.821000 ms (FindLiveObjects: 0.145600 ms CreateObjectMapping: 0.044100 ms MarkObjects: 1.581700 ms  DeleteObjects: 0.048700 ms)

AssetImportParameters requested are different than current active one (requested -> active):
  custom:graphics/normal-map-encoding: 01000000000000000000000000000000 -> 02000000000000000000000000000000
========================================================================
Received Import Request.
  Time since last request: 281.625080 seconds.
  path: Assets/Scripts/Shell/ActorBase.cs
  artifactKey: Guid(c60ba54cf15aff9439c111f926b42098) Importer(815301076,1909f56bfc062723c751e8b465ee728b)
Start importing Assets/Scripts/Shell/ActorBase.cs using Guid(c60ba54cf15aff9439c111f926b42098) Importer(815301076,1909f56bfc062723c751e8b465ee728b)  -> (artifact id: 'eb7d6ddefaaf3401c09a4b136443790b') in 0.008074 seconds
  Import took 0.016887 seconds .

========================================================================
Received Import Request.
  Time since last request: 8.323401 seconds.
  path: Assets/Scripts/Shell/SingletonActorBase.cs
  artifactKey: Guid(c2d0f139b719914429c7f3276274ef20) Importer(815301076,1909f56bfc062723c751e8b465ee728b)
Start importing Assets/Scripts/Shell/SingletonActorBase.cs using Guid(c2d0f139b719914429c7f3276274ef20) Importer(815301076,1909f56bfc062723c751e8b465ee728b)  -> (artifact id: 'e4434eaee546a5a75d50c15a96f2acab') in 0.015566 seconds
  Import took 0.019806 seconds .

========================================================================
Received Prepare
Registering precompiled user dll's ...
Registered in 0.004058 seconds.
Begin MonoManager ReloadAssembly
Native extension for WindowsStandalone target not found
Refreshing native plugins compatible for Editor in 0.32 ms, found 2 plugins.
Preloading 0 native plugins for Editor in 0.00 ms.
Mono: successfully reloaded assembly
- Completed reload, in  1.477 seconds
Platform modules already initialized, skipping
Switching build target platform(19) subTarget(0) extendedPlatform(0) -> platform(13) subTarget(537395200) extendedPlatform(0)
Refreshing native plugins compatible for Editor in 0.37 ms, found 2 plugins.
Preloading 0 native plugins for Editor in 0.00 ms.
Unloading 1403 Unused Serialized files (Serialized files now loaded: 0)
System memory in use before: 69.3 MB.
System memory in use after: 69.4 MB.

Unloading 16 unused Assets to reduce memory usage. Loaded Objects now: 1956.
Total: 2.204900 ms (FindLiveObjects: 0.169000 ms CreateObjectMapping: 0.048500 ms MarkObjects: 1.935600 ms  DeleteObjects: 0.050800 ms)

AssetImportParameters requested are different than current active one (requested -> active):
  custom:graphics/normal-map-encoding: 01000000000000000000000000000000 -> 02000000000000000000000000000000
========================================================================
Received Prepare
Registering precompiled user dll's ...
Registered in 0.004916 seconds.
Begin MonoManager ReloadAssembly
Native extension for WindowsStandalone target not found
Refreshing native plugins compatible for Editor in 0.39 ms, found 2 plugins.
Preloading 0 native plugins for Editor in 0.00 ms.
Mono: successfully reloaded assembly
- Completed reload, in  1.357 seconds
Platform modules already initialized, skipping
Switching build target platform(19) subTarget(0) extendedPlatform(0) -> platform(13) subTarget(537395200) extendedPlatform(0)
Refreshing native plugins compatible for Editor in 0.76 ms, found 2 plugins.
Preloading 0 native plugins for Editor in 0.00 ms.
Unloading 1403 Unused Serialized files (Serialized files now loaded: 0)
System memory in use before: 69.3 MB.
System memory in use after: 69.4 MB.

Unloading 16 unused Assets to reduce memory usage. Loaded Objects now: 1959.
Total: 2.884400 ms (FindLiveObjects: 0.186600 ms CreateObjectMapping: 0.058500 ms MarkObjects: 2.515200 ms  DeleteObjects: 0.122600 ms)

AssetImportParameters requested are different than current active one (requested -> active):
  custom:graphics/normal-map-encoding: 01000000000000000000000000000000 -> 02000000000000000000000000000000
========================================================================
Received Import Request.
  Time since last request: 323.453263 seconds.
  path: Assets/Scripts/Shell/SingletonActorBase.cs
  artifactKey: Guid(c2d0f139b719914429c7f3276274ef20) Importer(815301076,1909f56bfc062723c751e8b465ee728b)
Start importing Assets/Scripts/Shell/SingletonActorBase.cs using Guid(c2d0f139b719914429c7f3276274ef20) Importer(815301076,1909f56bfc062723c751e8b465ee728b)  -> (artifact id: '4a26124c7a6ceb5e2f69478a1e1adf8d') in 0.004936 seconds
  Import took 0.007801 seconds .

========================================================================
Received Import Request.
  Time since last request: 4.731838 seconds.
  path: Assets/Scripts/Shell/GameActor.cs
  artifactKey: Guid(c20e923c3452bc642afb4ae289f041a0) Importer(815301076,1909f56bfc062723c751e8b465ee728b)
Start importing Assets/Scripts/Shell/GameActor.cs using Guid(c20e923c3452bc642afb4ae289f041a0) Importer(815301076,1909f56bfc062723c751e8b465ee728b)  -> (artifact id: '1d9f00710c3182805e618e984db9debf') in 0.013246 seconds
  Import took 0.018951 seconds .

========================================================================
Received Prepare
Registering precompiled user dll's ...
Registered in 0.003963 seconds.
Begin MonoManager ReloadAssembly
Native extension for WindowsStandalone target not found
Refreshing native plugins compatible for Editor in 0.37 ms, found 2 plugins.
Preloading 0 native plugins for Editor in 0.00 ms.
Mono: successfully reloaded assembly
- Completed reload, in  1.628 seconds
Platform modules already initialized, skipping
Switching build target platform(19) subTarget(0) extendedPlatform(0) -> platform(13) subTarget(537395200) extendedPlatform(0)
Refreshing native plugins compatible for Editor in 0.96 ms, found 2 plugins.
Preloading 0 native plugins for Editor in 0.00 ms.
Unloading 1404 Unused Serialized files (Serialized files now loaded: 0)
System memory in use before: 69.4 MB.
System memory in use after: 69.4 MB.

Unloading 16 unused Assets to reduce memory usage. Loaded Objects now: 1963.
Total: 3.095800 ms (FindLiveObjects: 0.282700 ms CreateObjectMapping: 0.183100 ms MarkObjects: 2.539700 ms  DeleteObjects: 0.089000 ms)

AssetImportParameters requested are different than current active one (requested -> active):
  custom:graphics/normal-map-encoding: 01000000000000000000000000000000 -> 02000000000000000000000000000000
========================================================================
Received Prepare
Registering precompiled user dll's ...
Registered in 0.007190 seconds.
Begin MonoManager ReloadAssembly
Native extension for WindowsStandalone target not found
Refreshing native plugins compatible for Editor in 0.32 ms, found 2 plugins.
Preloading 0 native plugins for Editor in 0.00 ms.
Mono: successfully reloaded assembly
- Completed reload, in  1.332 seconds
Platform modules already initialized, skipping
Switching build target platform(19) subTarget(0) extendedPlatform(0) -> platform(13) subTarget(537395200) extendedPlatform(0)
Refreshing native plugins compatible for Editor in 0.38 ms, found 2 plugins.
Preloading 0 native plugins for Editor in 0.00 ms.
Unloading 1404 Unused Serialized files (Serialized files now loaded: 0)
System memory in use before: 69.4 MB.
System memory in use after: 69.4 MB.

Unloading 16 unused Assets to reduce memory usage. Loaded Objects now: 1966.
Total: 1.894700 ms (FindLiveObjects: 0.147000 ms CreateObjectMapping: 0.044800 ms MarkObjects: 1.615500 ms  DeleteObjects: 0.086100 ms)

AssetImportParameters requested are different than current active one (requested -> active):
  custom:graphics/normal-map-encoding: 01000000000000000000000000000000 -> 02000000000000000000000000000000
========================================================================
Received Import Request.
  Time since last request: 1239.670306 seconds.
  path: Assets/Scripts/Shell/GameActor.cs
  artifactKey: Guid(c20e923c3452bc642afb4ae289f041a0) Importer(815301076,1909f56bfc062723c751e8b465ee728b)
Start importing Assets/Scripts/Shell/GameActor.cs using Guid(c20e923c3452bc642afb4ae289f041a0) Importer(815301076,1909f56bfc062723c751e8b465ee728b)  -> (artifact id: 'a3771275ddcf936b6895602450771633') in 0.004697 seconds
  Import took 0.007168 seconds .

========================================================================
Received Prepare
Registering precompiled user dll's ...
Registered in 0.004397 seconds.
Begin MonoManager ReloadAssembly
Native extension for WindowsStandalone target not found
Refreshing native plugins compatible for Editor in 0.41 ms, found 2 plugins.
Preloading 0 native plugins for Editor in 0.00 ms.
Mono: successfully reloaded assembly
- Completed reload, in  1.496 seconds
Platform modules already initialized, skipping
Switching build target platform(19) subTarget(0) extendedPlatform(0) -> platform(13) subTarget(537395200) extendedPlatform(0)
Refreshing native plugins compatible for Editor in 0.82 ms, found 2 plugins.
Preloading 0 native plugins for Editor in 0.00 ms.
Unloading 1404 Unused Serialized files (Serialized files now loaded: 0)
System memory in use before: 69.4 MB.
System memory in use after: 69.5 MB.

Unloading 16 unused Assets to reduce memory usage. Loaded Objects now: 1969.
Total: 1.884300 ms (FindLiveObjects: 0.151400 ms CreateObjectMapping: 0.046400 ms MarkObjects: 1.598400 ms  DeleteObjects: 0.087200 ms)

AssetImportParameters requested are different than current active one (requested -> active):
  custom:graphics/normal-map-encoding: 01000000000000000000000000000000 -> 02000000000000000000000000000000
========================================================================
Received Import Request.
  Time since last request: 419.522039 seconds.
  path: Assets/Scripts/Shell/EventSystem
  artifactKey: Guid(284d87811b4211e44b41dd65c37beec5) Importer(815301076,1909f56bfc062723c751e8b465ee728b)
Start importing Assets/Scripts/Shell/EventSystem using Guid(284d87811b4211e44b41dd65c37beec5) Importer(815301076,1909f56bfc062723c751e8b465ee728b)  -> (artifact id: '603c231ba3357dca961fe6257ddd0a91') in 0.013527 seconds
  Import took 0.017004 seconds .

========================================================================
Received Import Request.
  Time since last request: 11.375449 seconds.
  path: Assets/Scripts/Shell/EventSystem/EventBehaviour.cs
  artifactKey: Guid(53e6a22e1b5a33a45a7267865451aafb) Importer(815301076,1909f56bfc062723c751e8b465ee728b)
Start importing Assets/Scripts/Shell/EventSystem/EventBehaviour.cs using Guid(53e6a22e1b5a33a45a7267865451aafb) Importer(815301076,1909f56bfc062723c751e8b465ee728b)  -> (artifact id: 'd8b5c49ec197c2679319a671d512a16c') in 0.007649 seconds
  Import took 0.010894 seconds .

========================================================================
Received Prepare
Registering precompiled user dll's ...
Registered in 0.003076 seconds.
Begin MonoManager ReloadAssembly
Native extension for WindowsStandalone target not found
Refreshing native plugins compatible for Editor in 0.28 ms, found 2 plugins.
Preloading 0 native plugins for Editor in 0.00 ms.
Mono: successfully reloaded assembly
- Completed reload, in  1.048 seconds
Platform modules already initialized, skipping
Switching build target platform(19) subTarget(0) extendedPlatform(0) -> platform(13) subTarget(537395200) extendedPlatform(0)
Refreshing native plugins compatible for Editor in 0.31 ms, found 2 plugins.
Preloading 0 native plugins for Editor in 0.00 ms.
Unloading 1405 Unused Serialized files (Serialized files now loaded: 0)
System memory in use before: 69.4 MB.
System memory in use after: 69.5 MB.

Unloading 16 unused Assets to reduce memory usage. Loaded Objects now: 1973.
Total: 1.672900 ms (FindLiveObjects: 0.145600 ms CreateObjectMapping: 0.040400 ms MarkObjects: 1.441200 ms  DeleteObjects: 0.044800 ms)

AssetImportParameters requested are different than current active one (requested -> active):
  custom:graphics/normal-map-encoding: 01000000000000000000000000000000 -> 02000000000000000000000000000000
========================================================================
Received Prepare
Registering precompiled user dll's ...
Registered in 0.003870 seconds.
Begin MonoManager ReloadAssembly
Native extension for WindowsStandalone target not found
Refreshing native plugins compatible for Editor in 0.31 ms, found 2 plugins.
Preloading 0 native plugins for Editor in 0.00 ms.
Mono: successfully reloaded assembly
- Completed reload, in  1.024 seconds
Platform modules already initialized, skipping
Switching build target platform(19) subTarget(0) extendedPlatform(0) -> platform(13) subTarget(537395200) extendedPlatform(0)
Refreshing native plugins compatible for Editor in 0.30 ms, found 2 plugins.
Preloading 0 native plugins for Editor in 0.00 ms.
Unloading 1405 Unused Serialized files (Serialized files now loaded: 0)
System memory in use before: 69.4 MB.
System memory in use after: 69.5 MB.

Unloading 16 unused Assets to reduce memory usage. Loaded Objects now: 1976.
Total: 1.603900 ms (FindLiveObjects: 0.138200 ms CreateObjectMapping: 0.042100 ms MarkObjects: 1.345100 ms  DeleteObjects: 0.077700 ms)

AssetImportParameters requested are different than current active one (requested -> active):
  custom:graphics/normal-map-encoding: 01000000000000000000000000000000 -> 02000000000000000000000000000000
========================================================================
Received Import Request.
  Time since last request: 954.706690 seconds.
  path: Assets/Scripts/Shell/EventSystem/EventBehaviour.cs
  artifactKey: Guid(53e6a22e1b5a33a45a7267865451aafb) Importer(815301076,1909f56bfc062723c751e8b465ee728b)
Start importing Assets/Scripts/Shell/EventSystem/EventBehaviour.cs using Guid(53e6a22e1b5a33a45a7267865451aafb) Importer(815301076,1909f56bfc062723c751e8b465ee728b)  -> (artifact id: 'a2a591feb358255d1327321c9fc05350') in 0.005712 seconds
  Import took 0.007636 seconds .

========================================================================
Received Import Request.
  Time since last request: 2.962696 seconds.
  path: Assets/Scripts/Shell/EventSystem/GE.cs
  artifactKey: Guid(78f1c60bcf580d448ace38a7cce1c7a1) Importer(815301076,1909f56bfc062723c751e8b465ee728b)
Start importing Assets/Scripts/Shell/EventSystem/GE.cs using Guid(78f1c60bcf580d448ace38a7cce1c7a1) Importer(815301076,1909f56bfc062723c751e8b465ee728b)  -> (artifact id: '3c81d97da3679ad6920d445e99ead514') in 0.008656 seconds
  Import took 0.013225 seconds .

========================================================================
Received Prepare
Registering precompiled user dll's ...
Registered in 0.003016 seconds.
Begin MonoManager ReloadAssembly
Native extension for WindowsStandalone target not found
Refreshing native plugins compatible for Editor in 0.30 ms, found 2 plugins.
Preloading 0 native plugins for Editor in 0.00 ms.
Mono: successfully reloaded assembly
- Completed reload, in  1.034 seconds
Platform modules already initialized, skipping
Switching build target platform(19) subTarget(0) extendedPlatform(0) -> platform(13) subTarget(537395200) extendedPlatform(0)
Refreshing native plugins compatible for Editor in 0.33 ms, found 2 plugins.
Preloading 0 native plugins for Editor in 0.00 ms.
Unloading 1406 Unused Serialized files (Serialized files now loaded: 0)
System memory in use before: 69.4 MB.
System memory in use after: 69.5 MB.

Unloading 16 unused Assets to reduce memory usage. Loaded Objects now: 1980.
Total: 1.654100 ms (FindLiveObjects: 0.143200 ms CreateObjectMapping: 0.043000 ms MarkObjects: 1.409300 ms  DeleteObjects: 0.057400 ms)

AssetImportParameters requested are different than current active one (requested -> active):
  custom:graphics/normal-map-encoding: 01000000000000000000000000000000 -> 02000000000000000000000000000000
========================================================================
Received Prepare
Registering precompiled user dll's ...
Registered in 0.003321 seconds.
Begin MonoManager ReloadAssembly
Native extension for WindowsStandalone target not found
Refreshing native plugins compatible for Editor in 0.55 ms, found 2 plugins.
Preloading 0 native plugins for Editor in 0.00 ms.
Mono: successfully reloaded assembly
- Completed reload, in  0.968 seconds
Platform modules already initialized, skipping
Switching build target platform(19) subTarget(0) extendedPlatform(0) -> platform(13) subTarget(537395200) extendedPlatform(0)
Refreshing native plugins compatible for Editor in 0.28 ms, found 2 plugins.
Preloading 0 native plugins for Editor in 0.00 ms.
Unloading 1406 Unused Serialized files (Serialized files now loaded: 0)
System memory in use before: 69.4 MB.
System memory in use after: 69.5 MB.

Unloading 16 unused Assets to reduce memory usage. Loaded Objects now: 1983.
Total: 1.733400 ms (FindLiveObjects: 0.147900 ms CreateObjectMapping: 0.040800 ms MarkObjects: 1.498700 ms  DeleteObjects: 0.045100 ms)

AssetImportParameters requested are different than current active one (requested -> active):
  custom:graphics/normal-map-encoding: 01000000000000000000000000000000 -> 02000000000000000000000000000000
========================================================================
Received Import Request.
  Time since last request: 830.922553 seconds.
  path: Assets/Scripts/Shell/EventSystem/GE.cs
  artifactKey: Guid(78f1c60bcf580d448ace38a7cce1c7a1) Importer(815301076,1909f56bfc062723c751e8b465ee728b)
Start importing Assets/Scripts/Shell/EventSystem/GE.cs using Guid(78f1c60bcf580d448ace38a7cce1c7a1) Importer(815301076,1909f56bfc062723c751e8b465ee728b)  -> (artifact id: '41809feb5df44bfba510346587bce114') in 0.005651 seconds
  Import took 0.007550 seconds .

========================================================================
Received Prepare
Registering precompiled user dll's ...
Registered in 0.003153 seconds.
Begin MonoManager ReloadAssembly
Native extension for WindowsStandalone target not found
Refreshing native plugins compatible for Editor in 0.75 ms, found 2 plugins.
Preloading 0 native plugins for Editor in 0.00 ms.
Mono: successfully reloaded assembly
- Completed reload, in  1.053 seconds
Platform modules already initialized, skipping
Switching build target platform(19) subTarget(0) extendedPlatform(0) -> platform(13) subTarget(537395200) extendedPlatform(0)
Refreshing native plugins compatible for Editor in 0.34 ms, found 2 plugins.
Preloading 0 native plugins for Editor in 0.00 ms.
Unloading 1406 Unused Serialized files (Serialized files now loaded: 0)
System memory in use before: 69.4 MB.
System memory in use after: 69.5 MB.

Unloading 16 unused Assets to reduce memory usage. Loaded Objects now: 1986.
Total: 2.105700 ms (FindLiveObjects: 0.141100 ms CreateObjectMapping: 0.067300 ms MarkObjects: 1.821400 ms  DeleteObjects: 0.075000 ms)

AssetImportParameters requested are different than current active one (requested -> active):
  custom:graphics/normal-map-encoding: 01000000000000000000000000000000 -> 02000000000000000000000000000000
========================================================================
Received Prepare
Registering precompiled user dll's ...
Registered in 0.003363 seconds.
Begin MonoManager ReloadAssembly
Native extension for WindowsStandalone target not found
Refreshing native plugins compatible for Editor in 0.30 ms, found 2 plugins.
Preloading 0 native plugins for Editor in 0.00 ms.
Mono: successfully reloaded assembly
- Completed reload, in  1.003 seconds
Platform modules already initialized, skipping
Switching build target platform(19) subTarget(0) extendedPlatform(0) -> platform(13) subTarget(537395200) extendedPlatform(0)
Refreshing native plugins compatible for Editor in 0.29 ms, found 2 plugins.
Preloading 0 native plugins for Editor in 0.00 ms.
Unloading 1406 Unused Serialized files (Serialized files now loaded: 0)
System memory in use before: 69.4 MB.
System memory in use after: 69.5 MB.

Unloading 16 unused Assets to reduce memory usage. Loaded Objects now: 1989.
Total: 1.625500 ms (FindLiveObjects: 0.142600 ms CreateObjectMapping: 0.043900 ms MarkObjects: 1.372800 ms  DeleteObjects: 0.065100 ms)

AssetImportParameters requested are different than current active one (requested -> active):
  custom:graphics/normal-map-encoding: 01000000000000000000000000000000 -> 02000000000000000000000000000000
